2025-08-18 18:02:20.526 - INFO - MAIN - Application started
2025-08-18 18:02:20.532 - INFO - MAIN - Starting gRPC client for server at localhost:50051
2025-08-18 18:02:20.533 - INFO - MAIN - Server running at: :8001
2025-08-18 18:03:04.960 - INFO - MAIN - gRPC client connected successfully to localhost:50051
2025-08-18 18:03:04.960 - DEBUG - MAIN - gRPC connection is ready
2025-08-18 18:03:14.962 - DEBUG - MAIN - gRPC connection is ready
2025-08-18 18:03:24.963 - DEBUG - MAIN - gRPC connection is ready
2025-08-18 18:03:34.964 - DEBUG - MAIN - gRPC connection is ready
2025-08-18 18:03:44.965 - DEBUG - MAIN - gRPC connection is ready
2025-08-18 18:03:54.966 - DEBUG - MAIN - gRPC connection is ready
2025-08-18 18:04:04.969 - DEBUG - MAIN - gRPC connection is ready
2025-08-18 18:04:14.970 - DEBUG - MAIN - gRPC connection is ready
2025-08-18 18:04:24.971 - DEBUG - MAIN - gRPC connection is ready
2025-08-18 18:04:34.972 - DEBUG - MAIN - gRPC connection is ready
2025-08-18 18:04:44.973 - DEBUG - MAIN - gRPC connection is ready
2025-08-18 18:04:54.974 - DEBUG - MAIN - gRPC connection is ready
2025-08-18 18:05:04.976 - DEBUG - MAIN - gRPC connection is ready
2025-08-18 18:05:14.977 - DEBUG - MAIN - gRPC connection is ready
2025-08-18 18:05:24.979 - DEBUG - MAIN - gRPC connection is ready
2025-08-18 18:05:34.980 - DEBUG - MAIN - gRPC connection is ready
2025-08-18 18:05:44.980 - DEBUG - MAIN - gRPC connection is ready
2025-08-18 18:05:54.981 - DEBUG - MAIN - gRPC connection is ready
2025-08-18 18:06:04.982 - DEBUG - MAIN - gRPC connection is ready
2025-08-18 18:06:14.983 - DEBUG - MAIN - gRPC connection is ready
2025-08-18 18:06:24.985 - DEBUG - MAIN - gRPC connection is ready
2025-08-18 18:06:34.987 - DEBUG - MAIN - gRPC connection is ready
2025-08-18 18:06:44.988 - DEBUG - MAIN - gRPC connection is ready
2025-08-18 18:06:54.990 - DEBUG - MAIN - gRPC connection is ready
2025-08-18 18:07:04.991 - DEBUG - MAIN - gRPC connection is ready
2025-08-18 18:07:14.992 - DEBUG - MAIN - gRPC connection is ready
2025-08-18 18:07:24.993 - DEBUG - MAIN - gRPC connection is ready
2025-08-18 18:07:34.994 - DEBUG - MAIN - gRPC connection is ready
2025-08-18 18:07:44.994 - DEBUG - MAIN - gRPC connection is ready
2025-08-18 18:07:54.995 - DEBUG - MAIN - gRPC connection is ready
2025-08-18 18:08:04.997 - DEBUG - MAIN - gRPC connection is ready
2025-08-18 18:08:14.998 - DEBUG - MAIN - gRPC connection is ready
2025-08-18 18:08:25.000 - DEBUG - MAIN - gRPC connection is ready
2025-08-18 18:08:32.787 - INFO - MAIN - Receiving signal: interrupt
2025-08-18 18:08:32.789 - INFO - MAIN - Successfully stop Application.
2025-08-18 18:24:35.307 - INFO - MAIN - Application started
2025-08-18 18:24:35.314 - INFO - MAIN - Starting gRPC client for server at localhost:50051
2025-08-18 18:24:35.316 - INFO - MAIN - Server running at: :8001
2025-08-18 18:24:35.320 - INFO - MAIN - gRPC client connected successfully to localhost:50051
2025-08-18 18:24:35.320 - DEBUG - MAIN - gRPC connection is ready
2025-08-18 18:24:45.321 - DEBUG - MAIN - gRPC connection is ready
2025-08-18 18:24:55.322 - DEBUG - MAIN - gRPC connection is ready
2025-08-18 18:25:05.324 - DEBUG - MAIN - gRPC connection is ready
2025-08-18 18:25:15.325 - DEBUG - MAIN - gRPC connection is ready
2025-08-18 18:25:25.326 - DEBUG - MAIN - gRPC connection is ready
2025-08-18 18:25:35.327 - DEBUG - MAIN - gRPC connection is ready
2025-08-18 18:25:45.328 - DEBUG - MAIN - gRPC connection is ready
2025-08-18 18:25:55.333 - DEBUG - MAIN - gRPC connection is ready
2025-08-18 18:26:05.339 - DEBUG - MAIN - gRPC connection is ready
2025-08-18 18:26:15.340 - DEBUG - MAIN - gRPC connection is ready
2025-08-18 18:26:25.342 - DEBUG - MAIN - gRPC connection is ready
2025-08-18 18:26:26.222 - INFO - MAIN - Receiving signal: interrupt
2025-08-18 18:26:26.223 - INFO - MAIN - Successfully stop Application.
2025-08-18 18:26:37.883 - INFO - MAIN - Application started
2025-08-18 18:26:37.890 - INFO - MAIN - Starting gRPC client for server at localhost:50051
2025-08-18 18:26:37.892 - INFO - MAIN - Server running at: :8001
2025-08-18 18:26:37.896 - INFO - MAIN - gRPC client connected successfully to localhost:50051
2025-08-18 18:26:37.896 - DEBUG - MAIN - gRPC connection is ready
2025-08-18 18:26:47.897 - DEBUG - MAIN - gRPC connection is ready
2025-08-18 18:26:57.898 - DEBUG - MAIN - gRPC connection is ready
2025-08-18 18:27:07.899 - DEBUG - MAIN - gRPC connection is ready
2025-08-18 18:27:17.901 - DEBUG - MAIN - gRPC connection is ready
2025-08-18 18:27:27.903 - DEBUG - MAIN - gRPC connection is ready
2025-08-18 18:27:37.904 - DEBUG - MAIN - gRPC connection is ready
2025-08-18 18:27:42.151 - INFO - MAIN - Receiving signal: interrupt
2025-08-18 18:27:42.152 - INFO - MAIN - Successfully stop Application.
2025-08-18 18:27:54.444 - INFO - MAIN - Application started
2025-08-18 18:27:54.450 - INFO - MAIN - Starting gRPC client for server at localhost:50051
2025-08-18 18:27:54.452 - INFO - MAIN - Server running at: :8001
2025-08-18 18:27:54.455 - INFO - MAIN - gRPC client connected successfully to localhost:50051
2025-08-18 18:27:54.455 - DEBUG - MAIN - gRPC connection is ready
2025-08-18 18:28:04.457 - DEBUG - MAIN - gRPC connection is ready
2025-08-18 18:28:14.458 - DEBUG - MAIN - gRPC connection is ready
2025-08-18 18:28:24.460 - DEBUG - MAIN - gRPC connection is ready
2025-08-18 18:28:31.017 - INFO - MAIN - Receiving signal: interrupt
2025-08-18 18:28:31.017 - INFO - MAIN - Successfully stop Application.
2025-08-18 18:28:42.929 - INFO - MAIN - Application started
2025-08-18 18:28:42.934 - INFO - MAIN - Starting gRPC client for server at localhost:50051
2025-08-18 18:28:42.935 - INFO - MAIN - Server running at: :8001
2025-08-18 18:28:42.937 - INFO - MAIN - gRPC client connected successfully to localhost:50051
2025-08-18 18:28:42.938 - DEBUG - MAIN - gRPC connection is ready
2025-08-18 18:28:52.938 - DEBUG - MAIN - gRPC connection is ready
2025-08-18 18:28:58.886 - INFO - MAIN - Receiving signal: interrupt
2025-08-18 18:28:58.887 - INFO - MAIN - Successfully stop Application.
2025-08-18 18:29:07.938 - INFO - MAIN - Application started
2025-08-18 18:29:07.946 - INFO - MAIN - Starting gRPC client for server at localhost:50051
2025-08-18 18:29:07.948 - INFO - MAIN - Server running at: :8001
2025-08-18 18:29:07.952 - INFO - MAIN - gRPC client connected successfully to localhost:50051
2025-08-18 18:29:07.952 - DEBUG - MAIN - gRPC connection is ready
2025-08-18 18:29:17.953 - DEBUG - MAIN - gRPC connection is ready
2025-08-18 18:29:27.954 - DEBUG - MAIN - gRPC connection is ready
2025-08-18 18:29:37.956 - DEBUG - MAIN - gRPC connection is ready
2025-08-18 18:29:47.956 - DEBUG - MAIN - gRPC connection is ready
2025-08-18 18:29:57.957 - DEBUG - MAIN - gRPC connection is ready
2025-08-18 18:30:07.958 - DEBUG - MAIN - gRPC connection is ready
2025-08-18 18:30:17.959 - DEBUG - MAIN - gRPC connection is ready
2025-08-18 18:30:27.961 - DEBUG - MAIN - gRPC connection is ready
2025-08-18 18:30:37.961 - DEBUG - MAIN - gRPC connection is ready
2025-08-18 18:30:47.963 - DEBUG - MAIN - gRPC connection is ready
2025-08-18 18:30:57.964 - DEBUG - MAIN - gRPC connection is ready
2025-08-18 18:31:07.966 - DEBUG - MAIN - gRPC connection is ready
2025-08-18 18:31:17.967 - DEBUG - MAIN - gRPC connection is ready
2025-08-18 18:31:27.969 - DEBUG - MAIN - gRPC connection is ready
2025-08-18 18:31:37.970 - DEBUG - MAIN - gRPC connection is ready
2025-08-18 18:31:47.971 - DEBUG - MAIN - gRPC connection is ready
2025-08-18 18:31:57.972 - DEBUG - MAIN - gRPC connection is ready
2025-08-18 18:32:07.973 - DEBUG - MAIN - gRPC connection is ready
2025-08-18 18:32:17.975 - DEBUG - MAIN - gRPC connection is ready
2025-08-18 18:32:27.977 - DEBUG - MAIN - gRPC connection is ready
2025-08-18 18:32:37.977 - DEBUG - MAIN - gRPC connection is ready
2025-08-18 18:32:47.978 - DEBUG - MAIN - gRPC connection is ready
2025-08-18 18:32:57.979 - DEBUG - MAIN - gRPC connection is ready
2025-08-18 18:33:07.981 - DEBUG - MAIN - gRPC connection is ready
2025-08-18 18:33:17.983 - DEBUG - MAIN - gRPC connection is ready
2025-08-18 18:33:27.984 - DEBUG - MAIN - gRPC connection is ready
2025-08-18 18:33:37.985 - DEBUG - MAIN - gRPC connection is ready
2025-08-18 18:33:47.987 - DEBUG - MAIN - gRPC connection is ready
2025-08-18 18:33:57.988 - DEBUG - MAIN - gRPC connection is ready
2025-08-18 18:34:07.989 - DEBUG - MAIN - gRPC connection is ready
2025-08-18 18:34:17.990 - DEBUG - MAIN - gRPC connection is ready
2025-08-18 18:34:27.991 - DEBUG - MAIN - gRPC connection is ready
2025-08-18 18:34:37.992 - DEBUG - MAIN - gRPC connection is ready
2025-08-18 18:34:47.993 - DEBUG - MAIN - gRPC connection is ready
2025-08-18 18:34:57.995 - DEBUG - MAIN - gRPC connection is ready
2025-08-18 18:35:07.996 - DEBUG - MAIN - gRPC connection is ready
2025-08-18 18:35:17.997 - DEBUG - MAIN - gRPC connection is ready
2025-08-18 18:35:27.998 - DEBUG - MAIN - gRPC connection is ready
2025-08-18 18:35:37.999 - DEBUG - MAIN - gRPC connection is ready
2025-08-18 18:35:48.000 - DEBUG - MAIN - gRPC connection is ready
2025-08-18 18:35:58.000 - DEBUG - MAIN - gRPC connection is ready
2025-08-18 18:36:08.001 - DEBUG - MAIN - gRPC connection is ready
2025-08-18 18:36:18.003 - DEBUG - MAIN - gRPC connection is ready
2025-08-18 18:36:28.004 - DEBUG - MAIN - gRPC connection is ready
2025-08-18 18:36:38.005 - DEBUG - MAIN - gRPC connection is ready
2025-08-18 18:36:48.006 - DEBUG - MAIN - gRPC connection is ready
2025-08-18 18:36:58.007 - DEBUG - MAIN - gRPC connection is ready
2025-08-18 18:37:08.008 - DEBUG - MAIN - gRPC connection is ready
2025-08-18 18:37:18.009 - DEBUG - MAIN - gRPC connection is ready
2025-08-18 18:37:28.010 - DEBUG - MAIN - gRPC connection is ready
2025-08-18 18:37:38.011 - DEBUG - MAIN - gRPC connection is ready
2025-08-18 18:37:48.012 - DEBUG - MAIN - gRPC connection is ready
2025-08-18 18:37:58.014 - DEBUG - MAIN - gRPC connection is ready
2025-08-18 18:38:08.015 - DEBUG - MAIN - gRPC connection is ready
2025-08-18 18:38:18.016 - DEBUG - MAIN - gRPC connection is ready
2025-08-18 18:38:28.016 - DEBUG - MAIN - gRPC connection is ready
2025-08-18 18:38:38.017 - DEBUG - MAIN - gRPC connection is ready
2025-08-18 18:38:48.018 - DEBUG - MAIN - gRPC connection is ready
2025-08-18 18:38:58.020 - DEBUG - MAIN - gRPC connection is ready
2025-08-18 18:39:08.021 - DEBUG - MAIN - gRPC connection is ready
2025-08-18 18:39:18.022 - DEBUG - MAIN - gRPC connection is ready
2025-08-18 18:39:28.023 - DEBUG - MAIN - gRPC connection is ready
2025-08-18 18:39:38.024 - DEBUG - MAIN - gRPC connection is ready
2025-08-18 18:39:48.025 - DEBUG - MAIN - gRPC connection is ready
2025-08-18 18:39:58.026 - DEBUG - MAIN - gRPC connection is ready
2025-08-18 18:40:08.027 - DEBUG - MAIN - gRPC connection is ready
2025-08-18 18:40:18.028 - DEBUG - MAIN - gRPC connection is ready
2025-08-18 18:40:28.029 - DEBUG - MAIN - gRPC connection is ready
2025-08-18 18:40:38.030 - DEBUG - MAIN - gRPC connection is ready
2025-08-18 18:40:48.031 - DEBUG - MAIN - gRPC connection is ready
2025-08-18 18:40:58.033 - DEBUG - MAIN - gRPC connection is ready
2025-08-18 18:41:08.034 - DEBUG - MAIN - gRPC connection is ready
2025-08-18 18:41:18.035 - DEBUG - MAIN - gRPC connection is ready
2025-08-18 18:41:28.037 - DEBUG - MAIN - gRPC connection is ready
2025-08-18 18:41:38.038 - DEBUG - MAIN - gRPC connection is ready
2025-08-18 18:41:48.039 - DEBUG - MAIN - gRPC connection is ready
2025-08-18 18:41:58.040 - DEBUG - MAIN - gRPC connection is ready
2025-08-18 18:42:08.041 - DEBUG - MAIN - gRPC connection is ready
2025-08-18 18:42:18.042 - DEBUG - MAIN - gRPC connection is ready
2025-08-18 18:42:28.044 - DEBUG - MAIN - gRPC connection is ready
2025-08-18 18:42:38.044 - DEBUG - MAIN - gRPC connection is ready
2025-08-18 18:42:48.046 - DEBUG - MAIN - gRPC connection is ready
2025-08-18 18:42:58.047 - DEBUG - MAIN - gRPC connection is ready
2025-08-18 18:43:08.048 - DEBUG - MAIN - gRPC connection is ready
2025-08-18 18:43:18.051 - DEBUG - MAIN - gRPC connection is ready
2025-08-18 18:43:28.052 - DEBUG - MAIN - gRPC connection is ready
2025-08-18 18:43:38.053 - DEBUG - MAIN - gRPC connection is ready
2025-08-18 18:43:48.054 - DEBUG - MAIN - gRPC connection is ready
2025-08-18 18:43:58.057 - DEBUG - MAIN - gRPC connection is ready
2025-08-18 18:44:08.059 - DEBUG - MAIN - gRPC connection is ready
2025-08-18 18:44:18.060 - DEBUG - MAIN - gRPC connection is ready
2025-08-18 18:44:28.060 - DEBUG - MAIN - gRPC connection is ready
2025-08-18 18:44:38.061 - DEBUG - MAIN - gRPC connection is ready
2025-08-18 18:44:48.062 - DEBUG - MAIN - gRPC connection is ready
2025-08-18 18:44:58.064 - DEBUG - MAIN - gRPC connection is ready
2025-08-18 18:45:08.065 - DEBUG - MAIN - gRPC connection is ready
2025-08-18 18:45:18.067 - DEBUG - MAIN - gRPC connection is ready
2025-08-18 18:45:28.069 - DEBUG - MAIN - gRPC connection is ready
2025-08-18 18:45:38.070 - DEBUG - MAIN - gRPC connection is ready
2025-08-18 18:45:48.071 - DEBUG - MAIN - gRPC connection is ready
2025-08-18 18:45:58.072 - DEBUG - MAIN - gRPC connection is ready
2025-08-18 18:46:08.074 - DEBUG - MAIN - gRPC connection is ready
2025-08-18 18:46:18.074 - DEBUG - MAIN - gRPC connection is ready
2025-08-18 18:46:28.076 - DEBUG - MAIN - gRPC connection is ready
2025-08-18 18:46:38.077 - DEBUG - MAIN - gRPC connection is ready
2025-08-18 18:46:48.078 - DEBUG - MAIN - gRPC connection is ready
2025-08-18 18:46:58.080 - DEBUG - MAIN - gRPC connection is ready
2025-08-18 18:47:08.080 - DEBUG - MAIN - gRPC connection is ready
2025-08-18 18:47:18.082 - DEBUG - MAIN - gRPC connection is ready
2025-08-18 18:47:28.083 - DEBUG - MAIN - gRPC connection is ready
2025-08-18 18:47:38.084 - DEBUG - MAIN - gRPC connection is ready
2025-08-18 18:47:48.085 - DEBUG - MAIN - gRPC connection is ready
2025-08-18 18:47:58.086 - DEBUG - MAIN - gRPC connection is ready
2025-08-18 18:48:08.087 - DEBUG - MAIN - gRPC connection is ready
2025-08-18 18:48:18.089 - DEBUG - MAIN - gRPC connection is ready
2025-08-18 18:48:28.090 - DEBUG - MAIN - gRPC connection is ready
2025-08-18 18:48:38.091 - DEBUG - MAIN - gRPC connection is ready
2025-08-18 18:48:48.092 - DEBUG - MAIN - gRPC connection is ready
2025-08-18 18:48:58.093 - DEBUG - MAIN - gRPC connection is ready
2025-08-18 18:49:08.094 - DEBUG - MAIN - gRPC connection is ready
2025-08-18 18:49:18.095 - DEBUG - MAIN - gRPC connection is ready
2025-08-18 18:49:28.096 - DEBUG - MAIN - gRPC connection is ready
2025-08-18 18:49:38.097 - DEBUG - MAIN - gRPC connection is ready
2025-08-18 18:49:48.097 - DEBUG - MAIN - gRPC connection is ready
2025-08-18 18:49:58.099 - DEBUG - MAIN - gRPC connection is ready
2025-08-18 18:50:08.100 - DEBUG - MAIN - gRPC connection is ready
2025-08-18 18:50:18.100 - DEBUG - MAIN - gRPC connection is ready
2025-08-18 18:50:28.101 - DEBUG - MAIN - gRPC connection is ready
2025-08-18 18:50:38.102 - DEBUG - MAIN - gRPC connection is ready
2025-08-18 18:50:48.103 - DEBUG - MAIN - gRPC connection is ready
2025-08-18 18:50:58.105 - DEBUG - MAIN - gRPC connection is ready
2025-08-18 18:51:08.105 - DEBUG - MAIN - gRPC connection is ready
2025-08-18 18:51:18.106 - DEBUG - MAIN - gRPC connection is ready
2025-08-18 18:51:28.107 - DEBUG - MAIN - gRPC connection is ready
2025-08-18 18:51:38.109 - DEBUG - MAIN - gRPC connection is ready
2025-08-18 18:51:48.110 - DEBUG - MAIN - gRPC connection is ready
2025-08-18 18:51:58.111 - DEBUG - MAIN - gRPC connection is ready
2025-08-18 18:52:08.111 - DEBUG - MAIN - gRPC connection is ready
2025-08-18 18:52:18.113 - DEBUG - MAIN - gRPC connection is ready
2025-08-18 18:52:28.114 - DEBUG - MAIN - gRPC connection is ready
2025-08-18 18:52:38.115 - DEBUG - MAIN - gRPC connection is ready
2025-08-18 18:52:48.116 - DEBUG - MAIN - gRPC connection is ready
2025-08-18 18:52:58.117 - DEBUG - MAIN - gRPC connection is ready
2025-08-18 18:53:08.119 - DEBUG - MAIN - gRPC connection is ready
2025-08-18 18:53:18.120 - DEBUG - MAIN - gRPC connection is ready
2025-08-18 18:53:28.122 - DEBUG - MAIN - gRPC connection is ready
2025-08-18 18:53:38.123 - DEBUG - MAIN - gRPC connection is ready
2025-08-18 18:53:48.125 - DEBUG - MAIN - gRPC connection is ready
2025-08-18 18:53:58.126 - DEBUG - MAIN - gRPC connection is ready
2025-08-18 18:54:08.127 - DEBUG - MAIN - gRPC connection is ready
2025-08-18 18:54:18.128 - DEBUG - MAIN - gRPC connection is ready
2025-08-18 18:54:28.129 - DEBUG - MAIN - gRPC connection is ready
2025-08-18 18:54:38.130 - DEBUG - MAIN - gRPC connection is ready
2025-08-18 18:54:48.131 - DEBUG - MAIN - gRPC connection is ready
2025-08-18 18:54:58.133 - DEBUG - MAIN - gRPC connection is ready
2025-08-18 18:55:08.134 - DEBUG - MAIN - gRPC connection is ready
2025-08-18 18:55:18.137 - DEBUG - MAIN - gRPC connection is ready
2025-08-18 18:55:28.137 - DEBUG - MAIN - gRPC connection is ready
2025-08-18 18:55:38.138 - DEBUG - MAIN - gRPC connection is ready
2025-08-18 18:55:48.139 - DEBUG - MAIN - gRPC connection is ready
2025-08-18 18:55:58.140 - DEBUG - MAIN - gRPC connection is ready
2025-08-18 18:56:07.413 - INFO - MAIN - Receiving signal: interrupt
2025-08-18 18:56:07.413 - INFO - MAIN - Successfully stop Application.
2025-08-18 18:56:19.136 - INFO - MAIN - Application started
2025-08-18 18:56:19.142 - INFO - MAIN - Starting gRPC client for server at localhost:50051
2025-08-18 18:56:19.144 - INFO - MAIN - Server running at: :8001
2025-08-18 18:56:19.148 - INFO - MAIN - gRPC client connected successfully to localhost:50051
2025-08-18 18:56:19.148 - DEBUG - MAIN - gRPC connection is ready
2025-08-18 18:56:29.149 - DEBUG - MAIN - gRPC connection is ready
2025-08-18 18:56:39.152 - DEBUG - MAIN - gRPC connection is ready
2025-08-18 18:56:49.156 - DEBUG - MAIN - gRPC connection is ready
2025-08-18 18:56:59.042 - INFO - MAIN - Receiving signal: interrupt
2025-08-18 18:56:59.043 - INFO - MAIN - Successfully stop Application.
2025-08-18 18:57:10.061 - INFO - MAIN - Application started
2025-08-18 18:57:10.070 - INFO - MAIN - Starting gRPC client for server at localhost:50051
2025-08-18 18:57:10.072 - INFO - MAIN - Server running at: :8001
2025-08-18 18:57:10.076 - INFO - MAIN - gRPC client connected successfully to localhost:50051
2025-08-18 18:57:10.077 - DEBUG - MAIN - gRPC connection is ready
2025-08-18 18:57:20.077 - DEBUG - MAIN - gRPC connection is ready
2025-08-18 18:57:30.079 - DEBUG - MAIN - gRPC connection is ready
2025-08-18 18:57:40.080 - DEBUG - MAIN - gRPC connection is ready
2025-08-18 18:57:50.081 - DEBUG - MAIN - gRPC connection is ready
2025-08-18 18:58:00.082 - DEBUG - MAIN - gRPC connection is ready
2025-08-18 18:58:10.083 - DEBUG - MAIN - gRPC connection is ready
2025-08-18 18:58:20.084 - DEBUG - MAIN - gRPC connection is ready
2025-08-18 18:58:30.085 - DEBUG - MAIN - gRPC connection is ready
2025-08-18 18:58:40.086 - DEBUG - MAIN - gRPC connection is ready
2025-08-18 18:58:50.087 - DEBUG - MAIN - gRPC connection is ready
2025-08-18 18:59:00.087 - DEBUG - MAIN - gRPC connection is ready
2025-08-18 18:59:10.087 - DEBUG - MAIN - gRPC connection is ready
2025-08-18 18:59:20.092 - DEBUG - MAIN - gRPC connection is ready
2025-08-18 18:59:30.094 - DEBUG - MAIN - gRPC connection is ready
2025-08-18 18:59:40.095 - DEBUG - MAIN - gRPC connection is ready
2025-08-18 18:59:50.096 - DEBUG - MAIN - gRPC connection is ready
2025-08-18 19:00:00.098 - DEBUG - MAIN - gRPC connection is ready
2025-08-18 19:00:10.098 - DEBUG - MAIN - gRPC connection is ready
2025-08-18 19:00:20.099 - DEBUG - MAIN - gRPC connection is ready
2025-08-18 19:00:30.100 - DEBUG - MAIN - gRPC connection is ready
2025-08-18 19:00:40.101 - DEBUG - MAIN - gRPC connection is ready
2025-08-18 19:00:50.102 - DEBUG - MAIN - gRPC connection is ready
2025-08-18 19:01:00.103 - DEBUG - MAIN - gRPC connection is ready
2025-08-18 19:01:10.104 - DEBUG - MAIN - gRPC connection is ready
2025-08-18 19:01:20.105 - DEBUG - MAIN - gRPC connection is ready
2025-08-18 19:01:30.107 - DEBUG - MAIN - gRPC connection is ready
2025-08-18 19:01:40.108 - DEBUG - MAIN - gRPC connection is ready
2025-08-18 19:01:50.109 - DEBUG - MAIN - gRPC connection is ready
2025-08-18 19:02:00.110 - DEBUG - MAIN - gRPC connection is ready
2025-08-18 19:02:10.111 - DEBUG - MAIN - gRPC connection is ready
2025-08-18 19:02:20.112 - DEBUG - MAIN - gRPC connection is ready
2025-08-18 19:02:30.113 - DEBUG - MAIN - gRPC connection is ready
2025-08-18 19:02:40.114 - DEBUG - MAIN - gRPC connection is ready
2025-08-18 19:02:50.115 - DEBUG - MAIN - gRPC connection is ready
2025-08-18 19:03:00.116 - DEBUG - MAIN - gRPC connection is ready
2025-08-18 19:03:10.116 - DEBUG - MAIN - gRPC connection is ready
2025-08-18 19:03:20.117 - DEBUG - MAIN - gRPC connection is ready
2025-08-18 19:03:30.118 - DEBUG - MAIN - gRPC connection is ready
2025-08-18 19:03:40.119 - DEBUG - MAIN - gRPC connection is ready
2025-08-18 19:03:50.119 - DEBUG - MAIN - gRPC connection is ready
2025-08-18 19:04:00.120 - DEBUG - MAIN - gRPC connection is ready
2025-08-18 19:04:10.122 - DEBUG - MAIN - gRPC connection is ready
2025-08-18 19:04:20.123 - DEBUG - MAIN - gRPC connection is ready
2025-08-18 19:04:30.124 - DEBUG - MAIN - gRPC connection is ready
2025-08-18 19:04:40.125 - DEBUG - MAIN - gRPC connection is ready
2025-08-18 19:04:50.126 - DEBUG - MAIN - gRPC connection is ready
2025-08-18 19:05:00.127 - DEBUG - MAIN - gRPC connection is ready
2025-08-18 19:05:10.129 - DEBUG - MAIN - gRPC connection is ready
2025-08-18 19:05:20.130 - DEBUG - MAIN - gRPC connection is ready
2025-08-18 19:05:30.131 - DEBUG - MAIN - gRPC connection is ready
2025-08-18 19:05:40.132 - DEBUG - MAIN - gRPC connection is ready
2025-08-18 19:05:50.132 - DEBUG - MAIN - gRPC connection is ready
2025-08-18 19:06:00.134 - DEBUG - MAIN - gRPC connection is ready
2025-08-18 19:06:10.135 - DEBUG - MAIN - gRPC connection is ready
2025-08-18 19:06:20.135 - DEBUG - MAIN - gRPC connection is ready
2025-08-18 19:06:30.136 - DEBUG - MAIN - gRPC connection is ready
2025-08-18 19:06:40.138 - DEBUG - MAIN - gRPC connection is ready
2025-08-18 19:06:50.139 - DEBUG - MAIN - gRPC connection is ready
2025-08-18 19:07:00.140 - DEBUG - MAIN - gRPC connection is ready
2025-08-18 19:07:10.142 - DEBUG - MAIN - gRPC connection is ready
2025-08-18 19:07:20.143 - DEBUG - MAIN - gRPC connection is ready
2025-08-18 19:07:30.144 - DEBUG - MAIN - gRPC connection is ready
2025-08-18 19:07:40.146 - DEBUG - MAIN - gRPC connection is ready
2025-08-18 19:07:50.147 - DEBUG - MAIN - gRPC connection is ready
2025-08-18 19:08:00.149 - DEBUG - MAIN - gRPC connection is ready
2025-08-18 19:08:10.150 - DEBUG - MAIN - gRPC connection is ready
2025-08-18 19:08:20.151 - DEBUG - MAIN - gRPC connection is ready
2025-08-18 19:08:30.152 - DEBUG - MAIN - gRPC connection is ready
2025-08-18 19:08:40.152 - DEBUG - MAIN - gRPC connection is ready
2025-08-18 19:08:50.153 - DEBUG - MAIN - gRPC connection is ready
2025-08-18 19:09:00.155 - DEBUG - MAIN - gRPC connection is ready
2025-08-18 19:09:10.155 - DEBUG - MAIN - gRPC connection is ready
2025-08-18 19:09:20.156 - DEBUG - MAIN - gRPC connection is ready
2025-08-18 19:09:30.157 - DEBUG - MAIN - gRPC connection is ready
2025-08-18 19:09:40.159 - DEBUG - MAIN - gRPC connection is ready
2025-08-18 19:09:50.160 - DEBUG - MAIN - gRPC connection is ready
2025-08-18 19:10:00.161 - DEBUG - MAIN - gRPC connection is ready
2025-08-18 19:10:10.164 - DEBUG - MAIN - gRPC connection is ready
2025-08-18 19:10:20.167 - DEBUG - MAIN - gRPC connection is ready
2025-08-18 19:10:30.168 - DEBUG - MAIN - gRPC connection is ready
2025-08-18 19:10:40.169 - DEBUG - MAIN - gRPC connection is ready
2025-08-18 19:10:50.169 - DEBUG - MAIN - gRPC connection is ready
2025-08-18 19:11:00.170 - DEBUG - MAIN - gRPC connection is ready
2025-08-18 19:11:10.170 - DEBUG - MAIN - gRPC connection is ready
2025-08-18 19:11:20.171 - DEBUG - MAIN - gRPC connection is ready
2025-08-18 19:11:30.172 - DEBUG - MAIN - gRPC connection is ready
2025-08-18 19:11:40.173 - DEBUG - MAIN - gRPC connection is ready
2025-08-18 19:11:43.342 - INFO - MAIN - Receiving signal: interrupt
2025-08-18 19:11:43.344 - INFO - MAIN - Successfully stop Application.
2025-08-18 19:11:55.129 - INFO - MAIN - Application started
2025-08-18 19:11:55.137 - INFO - MAIN - Starting gRPC client for server at localhost:50051
2025-08-18 19:11:55.138 - INFO - MAIN - Server running at: :8001
2025-08-18 19:11:55.141 - INFO - MAIN - gRPC client connected successfully to localhost:50051
2025-08-18 19:11:55.141 - DEBUG - MAIN - gRPC connection is ready
2025-08-18 19:12:05.141 - DEBUG - MAIN - gRPC connection is ready
2025-08-18 19:12:15.143 - DEBUG - MAIN - gRPC connection is ready
2025-08-18 19:12:25.144 - DEBUG - MAIN - gRPC connection is ready
2025-08-18 19:12:35.145 - DEBUG - MAIN - gRPC connection is ready
2025-08-18 19:12:45.148 - DEBUG - MAIN - gRPC connection is ready
2025-08-18 19:12:55.151 - DEBUG - MAIN - gRPC connection is ready
2025-08-18 19:13:05.152 - DEBUG - MAIN - gRPC connection is ready
2025-08-18 19:13:15.153 - DEBUG - MAIN - gRPC connection is ready
2025-08-18 19:13:25.156 - DEBUG - MAIN - gRPC connection is ready
2025-08-18 19:13:26.523 - INFO - MAIN - Receiving signal: interrupt
2025-08-18 19:13:26.524 - INFO - MAIN - Successfully stop Application.
2025-08-18 19:13:48.727 - INFO - MAIN - Application started
2025-08-18 19:13:48.736 - INFO - MAIN - Starting gRPC client for server at localhost:50051
2025-08-18 19:13:48.740 - INFO - MAIN - Server running at: :8001
2025-08-18 19:13:48.743 - INFO - MAIN - gRPC client connected successfully to localhost:50051
2025-08-18 19:13:48.744 - DEBUG - MAIN - gRPC connection is ready
2025-08-18 19:13:58.744 - DEBUG - MAIN - gRPC connection is ready
2025-08-18 19:14:08.746 - DEBUG - MAIN - gRPC connection is ready
2025-08-18 19:14:18.747 - DEBUG - MAIN - gRPC connection is ready
2025-08-18 19:14:28.749 - DEBUG - MAIN - gRPC connection is ready
2025-08-18 19:14:38.749 - DEBUG - MAIN - gRPC connection is ready
2025-08-18 19:14:48.750 - DEBUG - MAIN - gRPC connection is ready
2025-08-18 19:14:58.751 - DEBUG - MAIN - gRPC connection is ready
2025-08-18 19:15:08.752 - DEBUG - MAIN - gRPC connection is ready
2025-08-18 19:15:18.752 - DEBUG - MAIN - gRPC connection is ready
2025-08-18 19:15:28.753 - DEBUG - MAIN - gRPC connection is ready
2025-08-18 19:15:38.755 - DEBUG - MAIN - gRPC connection is ready
2025-08-18 19:15:48.756 - DEBUG - MAIN - gRPC connection is ready
2025-08-18 19:15:58.759 - DEBUG - MAIN - gRPC connection is ready
2025-08-18 19:16:08.760 - DEBUG - MAIN - gRPC connection is ready
2025-08-18 19:16:18.760 - DEBUG - MAIN - gRPC connection is ready
2025-08-18 19:16:28.761 - DEBUG - MAIN - gRPC connection is ready
2025-08-18 19:16:38.762 - DEBUG - MAIN - gRPC connection is ready
2025-08-18 19:16:48.763 - DEBUG - MAIN - gRPC connection is ready
2025-08-18 19:16:58.764 - DEBUG - MAIN - gRPC connection is ready
2025-08-18 19:17:08.765 - DEBUG - MAIN - gRPC connection is ready
2025-08-18 19:17:17.215 - INFO - MAIN - Receiving signal: interrupt
2025-08-18 19:17:17.218 - INFO - MAIN - Successfully stop Application.
2025-08-18 19:17:28.966 - INFO - MAIN - Application started
2025-08-18 19:17:28.975 - INFO - MAIN - Starting gRPC client for server at localhost:50051
2025-08-18 19:17:28.976 - INFO - MAIN - Server running at: :8001
2025-08-18 19:17:28.978 - INFO - MAIN - gRPC client connected successfully to localhost:50051
2025-08-18 19:17:28.978 - DEBUG - MAIN - gRPC connection is ready
2025-08-18 19:17:38.979 - DEBUG - MAIN - gRPC connection is ready
2025-08-18 19:17:48.980 - DEBUG - MAIN - gRPC connection is ready
2025-08-18 19:17:58.981 - DEBUG - MAIN - gRPC connection is ready
2025-08-18 19:18:08.981 - DEBUG - MAIN - gRPC connection is ready
2025-08-18 19:18:18.982 - DEBUG - MAIN - gRPC connection is ready
2025-08-18 19:18:28.983 - DEBUG - MAIN - gRPC connection is ready
2025-08-18 19:18:38.985 - DEBUG - MAIN - gRPC connection is ready
2025-08-18 19:18:48.985 - DEBUG - MAIN - gRPC connection is ready
2025-08-18 19:18:58.986 - DEBUG - MAIN - gRPC connection is ready
2025-08-18 19:19:08.988 - DEBUG - MAIN - gRPC connection is ready
2025-08-18 19:19:18.989 - DEBUG - MAIN - gRPC connection is ready
2025-08-18 19:19:28.990 - DEBUG - MAIN - gRPC connection is ready
2025-08-18 19:19:38.993 - DEBUG - MAIN - gRPC connection is ready
2025-08-18 19:19:48.995 - DEBUG - MAIN - gRPC connection is ready
2025-08-18 19:19:58.996 - DEBUG - MAIN - gRPC connection is ready
2025-08-18 19:20:08.997 - DEBUG - MAIN - gRPC connection is ready
2025-08-18 19:20:18.998 - DEBUG - MAIN - gRPC connection is ready
2025-08-18 19:20:29.000 - DEBUG - MAIN - gRPC connection is ready
2025-08-18 19:20:39.001 - DEBUG - MAIN - gRPC connection is ready
2025-08-18 19:20:49.002 - DEBUG - MAIN - gRPC connection is ready
2025-08-18 19:20:59.002 - DEBUG - MAIN - gRPC connection is ready
2025-08-18 19:21:09.003 - DEBUG - MAIN - gRPC connection is ready
2025-08-18 19:21:19.004 - DEBUG - MAIN - gRPC connection is ready
2025-08-18 19:21:29.006 - DEBUG - MAIN - gRPC connection is ready
2025-08-18 19:21:39.008 - DEBUG - MAIN - gRPC connection is ready
2025-08-18 19:21:49.009 - DEBUG - MAIN - gRPC connection is ready
2025-08-18 19:21:59.009 - DEBUG - MAIN - gRPC connection is ready
2025-08-18 19:22:09.011 - DEBUG - MAIN - gRPC connection is ready
2025-08-18 19:22:19.012 - DEBUG - MAIN - gRPC connection is ready
2025-08-18 19:22:29.013 - DEBUG - MAIN - gRPC connection is ready
2025-08-18 19:22:39.014 - DEBUG - MAIN - gRPC connection is ready
2025-08-18 19:22:49.015 - DEBUG - MAIN - gRPC connection is ready
2025-08-18 19:22:59.016 - DEBUG - MAIN - gRPC connection is ready
2025-08-18 19:23:09.016 - DEBUG - MAIN - gRPC connection is ready
2025-08-18 19:23:19.018 - DEBUG - MAIN - gRPC connection is ready
2025-08-18 19:23:29.019 - DEBUG - MAIN - gRPC connection is ready
2025-08-18 19:23:39.021 - DEBUG - MAIN - gRPC connection is ready
2025-08-18 19:23:49.022 - DEBUG - MAIN - gRPC connection is ready
2025-08-18 19:23:59.028 - DEBUG - MAIN - gRPC connection is ready
2025-08-18 19:24:09.031 - DEBUG - MAIN - gRPC connection is ready
2025-08-18 19:24:19.032 - DEBUG - MAIN - gRPC connection is ready
2025-08-18 19:24:29.033 - DEBUG - MAIN - gRPC connection is ready
2025-08-18 19:24:39.034 - DEBUG - MAIN - gRPC connection is ready
2025-08-18 19:24:49.036 - DEBUG - MAIN - gRPC connection is ready
2025-08-18 19:24:59.037 - DEBUG - MAIN - gRPC connection is ready
2025-08-18 19:25:09.038 - DEBUG - MAIN - gRPC connection is ready
2025-08-18 19:25:19.040 - DEBUG - MAIN - gRPC connection is ready
2025-08-18 19:25:29.041 - DEBUG - MAIN - gRPC connection is ready
2025-08-18 19:25:39.042 - DEBUG - MAIN - gRPC connection is ready
2025-08-18 19:25:49.044 - DEBUG - MAIN - gRPC connection is ready
2025-08-18 19:25:59.045 - DEBUG - MAIN - gRPC connection is ready
2025-08-18 19:26:09.046 - DEBUG - MAIN - gRPC connection is ready
2025-08-18 19:26:19.049 - DEBUG - MAIN - gRPC connection is ready
2025-08-18 19:26:29.050 - DEBUG - MAIN - gRPC connection is ready
2025-08-18 19:26:39.051 - DEBUG - MAIN - gRPC connection is ready
2025-08-18 19:26:49.052 - DEBUG - MAIN - gRPC connection is ready
2025-08-18 19:26:59.053 - DEBUG - MAIN - gRPC connection is ready
2025-08-18 19:27:09.053 - DEBUG - MAIN - gRPC connection is ready
2025-08-18 19:27:19.054 - DEBUG - MAIN - gRPC connection is ready
2025-08-18 19:27:29.055 - DEBUG - MAIN - gRPC connection is ready
2025-08-18 19:27:39.057 - DEBUG - MAIN - gRPC connection is ready
2025-08-18 19:27:49.059 - DEBUG - MAIN - gRPC connection is ready
2025-08-18 19:27:59.059 - DEBUG - MAIN - gRPC connection is ready
2025-08-18 19:28:09.060 - DEBUG - MAIN - gRPC connection is ready
2025-08-18 19:28:19.061 - DEBUG - MAIN - gRPC connection is ready
2025-08-18 19:28:29.062 - DEBUG - MAIN - gRPC connection is ready
2025-08-18 19:28:39.063 - DEBUG - MAIN - gRPC connection is ready
2025-08-18 19:28:49.064 - DEBUG - MAIN - gRPC connection is ready
2025-08-18 19:28:59.065 - DEBUG - MAIN - gRPC connection is ready
2025-08-18 19:29:09.066 - DEBUG - MAIN - gRPC connection is ready
2025-08-18 19:29:19.068 - DEBUG - MAIN - gRPC connection is ready
2025-08-18 19:29:29.069 - DEBUG - MAIN - gRPC connection is ready
2025-08-18 19:29:39.071 - DEBUG - MAIN - gRPC connection is ready
2025-08-18 19:29:49.072 - DEBUG - MAIN - gRPC connection is ready
2025-08-18 19:29:59.073 - DEBUG - MAIN - gRPC connection is ready
2025-08-18 19:30:09.074 - DEBUG - MAIN - gRPC connection is ready
2025-08-18 19:30:19.075 - DEBUG - MAIN - gRPC connection is ready
2025-08-18 19:30:29.076 - DEBUG - MAIN - gRPC connection is ready
2025-08-18 19:30:39.077 - DEBUG - MAIN - gRPC connection is ready
2025-08-18 19:30:49.079 - DEBUG - MAIN - gRPC connection is ready
2025-08-18 19:30:59.080 - DEBUG - MAIN - gRPC connection is ready
2025-08-18 19:31:09.081 - DEBUG - MAIN - gRPC connection is ready
2025-08-18 19:31:19.082 - DEBUG - MAIN - gRPC connection is ready
2025-08-18 19:31:29.084 - DEBUG - MAIN - gRPC connection is ready
2025-08-18 19:31:39.086 - DEBUG - MAIN - gRPC connection is ready
2025-08-18 19:31:49.087 - DEBUG - MAIN - gRPC connection is ready
2025-08-18 19:31:59.088 - DEBUG - MAIN - gRPC connection is ready
2025-08-18 19:32:09.089 - DEBUG - MAIN - gRPC connection is ready
2025-08-18 19:32:19.089 - DEBUG - MAIN - gRPC connection is ready
2025-08-18 19:32:29.090 - DEBUG - MAIN - gRPC connection is ready
2025-08-18 19:32:39.091 - DEBUG - MAIN - gRPC connection is ready
2025-08-18 19:32:49.092 - DEBUG - MAIN - gRPC connection is ready
2025-08-18 19:32:59.093 - DEBUG - MAIN - gRPC connection is ready
2025-08-18 19:33:09.095 - DEBUG - MAIN - gRPC connection is ready
2025-08-18 19:33:19.095 - DEBUG - MAIN - gRPC connection is ready
2025-08-18 19:33:29.096 - DEBUG - MAIN - gRPC connection is ready
2025-08-18 19:33:39.100 - DEBUG - MAIN - gRPC connection is ready
2025-08-18 19:33:49.101 - DEBUG - MAIN - gRPC connection is ready
2025-08-18 19:33:59.104 - DEBUG - MAIN - gRPC connection is ready
2025-08-18 19:34:09.113 - DEBUG - MAIN - gRPC connection is ready
2025-08-18 19:34:19.114 - DEBUG - MAIN - gRPC connection is ready
2025-08-18 19:34:29.115 - DEBUG - MAIN - gRPC connection is ready
2025-08-18 19:34:39.116 - DEBUG - MAIN - gRPC connection is ready
2025-08-18 19:34:49.117 - DEBUG - MAIN - gRPC connection is ready
2025-08-18 19:34:59.118 - DEBUG - MAIN - gRPC connection is ready
2025-08-18 19:35:09.119 - DEBUG - MAIN - gRPC connection is ready
2025-08-18 19:35:19.119 - DEBUG - MAIN - gRPC connection is ready
2025-08-18 19:35:29.121 - DEBUG - MAIN - gRPC connection is ready
2025-08-18 19:35:39.123 - DEBUG - MAIN - gRPC connection is ready
2025-08-18 19:35:49.124 - DEBUG - MAIN - gRPC connection is ready
2025-08-18 19:35:59.125 - DEBUG - MAIN - gRPC connection is ready
2025-08-18 19:36:09.126 - DEBUG - MAIN - gRPC connection is ready
2025-08-18 19:36:19.127 - DEBUG - MAIN - gRPC connection is ready
2025-08-18 19:36:29.127 - DEBUG - MAIN - gRPC connection is ready
2025-08-18 19:36:39.129 - DEBUG - MAIN - gRPC connection is ready
2025-08-18 19:36:49.130 - DEBUG - MAIN - gRPC connection is ready
2025-08-18 19:36:59.131 - DEBUG - MAIN - gRPC connection is ready
2025-08-18 19:37:09.132 - DEBUG - MAIN - gRPC connection is ready
2025-08-18 19:37:19.133 - DEBUG - MAIN - gRPC connection is ready
2025-08-18 19:37:29.134 - DEBUG - MAIN - gRPC connection is ready
2025-08-18 19:37:39.136 - DEBUG - MAIN - gRPC connection is ready
2025-08-18 19:37:49.137 - DEBUG - MAIN - gRPC connection is ready
2025-08-18 19:37:59.139 - DEBUG - MAIN - gRPC connection is ready
2025-08-18 19:38:09.141 - DEBUG - MAIN - gRPC connection is ready
2025-08-18 19:38:19.143 - DEBUG - MAIN - gRPC connection is ready
2025-08-18 19:38:29.144 - DEBUG - MAIN - gRPC connection is ready
2025-08-18 19:38:39.144 - DEBUG - MAIN - gRPC connection is ready
2025-08-18 19:38:49.145 - DEBUG - MAIN - gRPC connection is ready
2025-08-18 19:38:59.147 - DEBUG - MAIN - gRPC connection is ready
2025-08-18 19:39:09.148 - DEBUG - MAIN - gRPC connection is ready
2025-08-18 19:39:19.149 - DEBUG - MAIN - gRPC connection is ready
2025-08-18 19:39:29.151 - DEBUG - MAIN - gRPC connection is ready
2025-08-18 19:39:39.153 - DEBUG - MAIN - gRPC connection is ready
2025-08-18 19:39:49.154 - DEBUG - MAIN - gRPC connection is ready
2025-08-18 19:39:59.154 - DEBUG - MAIN - gRPC connection is ready
2025-08-18 19:40:09.156 - DEBUG - MAIN - gRPC connection is ready
2025-08-18 19:40:19.157 - DEBUG - MAIN - gRPC connection is ready
2025-08-18 19:40:29.159 - DEBUG - MAIN - gRPC connection is ready
2025-08-18 19:40:39.160 - DEBUG - MAIN - gRPC connection is ready
2025-08-18 19:40:49.161 - DEBUG - MAIN - gRPC connection is ready
2025-08-18 19:40:59.162 - DEBUG - MAIN - gRPC connection is ready
2025-08-18 19:41:09.163 - DEBUG - MAIN - gRPC connection is ready
2025-08-18 19:41:19.164 - DEBUG - MAIN - gRPC connection is ready
2025-08-18 19:41:29.164 - DEBUG - MAIN - gRPC connection is ready
2025-08-18 19:41:39.167 - DEBUG - MAIN - gRPC connection is ready
2025-08-18 19:41:49.168 - DEBUG - MAIN - gRPC connection is ready
2025-08-18 19:41:59.169 - DEBUG - MAIN - gRPC connection is ready
2025-08-18 19:42:09.170 - DEBUG - MAIN - gRPC connection is ready
2025-08-18 19:42:19.171 - DEBUG - MAIN - gRPC connection is ready
2025-08-18 19:42:29.173 - DEBUG - MAIN - gRPC connection is ready
2025-08-18 19:42:39.174 - DEBUG - MAIN - gRPC connection is ready
2025-08-18 19:42:49.175 - DEBUG - MAIN - gRPC connection is ready
2025-08-18 19:42:59.175 - DEBUG - MAIN - gRPC connection is ready
2025-08-18 19:43:09.176 - DEBUG - MAIN - gRPC connection is ready
2025-08-18 19:43:19.177 - DEBUG - MAIN - gRPC connection is ready
2025-08-18 19:43:29.179 - DEBUG - MAIN - gRPC connection is ready
2025-08-18 19:43:39.181 - DEBUG - MAIN - gRPC connection is ready
2025-08-18 19:43:49.181 - DEBUG - MAIN - gRPC connection is ready
2025-08-18 19:43:59.187 - DEBUG - MAIN - gRPC connection is ready
2025-08-18 19:44:09.188 - DEBUG - MAIN - gRPC connection is ready
2025-08-18 19:44:19.189 - DEBUG - MAIN - gRPC connection is ready
2025-08-18 19:44:29.190 - DEBUG - MAIN - gRPC connection is ready
2025-08-18 19:44:39.191 - DEBUG - MAIN - gRPC connection is ready
2025-08-18 19:44:49.193 - DEBUG - MAIN - gRPC connection is ready
2025-08-18 19:44:59.194 - DEBUG - MAIN - gRPC connection is ready
2025-08-18 19:45:09.196 - DEBUG - MAIN - gRPC connection is ready
2025-08-18 19:45:19.197 - DEBUG - MAIN - gRPC connection is ready
2025-08-18 19:45:29.198 - DEBUG - MAIN - gRPC connection is ready
2025-08-18 19:45:39.203 - DEBUG - MAIN - gRPC connection is ready
2025-08-18 19:45:49.204 - DEBUG - MAIN - gRPC connection is ready
2025-08-18 19:45:59.206 - DEBUG - MAIN - gRPC connection is ready
2025-08-18 19:46:09.207 - DEBUG - MAIN - gRPC connection is ready
2025-08-18 19:46:19.208 - DEBUG - MAIN - gRPC connection is ready
2025-08-18 19:46:29.210 - DEBUG - MAIN - gRPC connection is ready
2025-08-18 19:46:39.211 - DEBUG - MAIN - gRPC connection is ready
2025-08-18 19:46:49.213 - DEBUG - MAIN - gRPC connection is ready
2025-08-18 19:46:59.214 - DEBUG - MAIN - gRPC connection is ready
2025-08-18 19:47:09.215 - DEBUG - MAIN - gRPC connection is ready
2025-08-18 19:47:19.216 - DEBUG - MAIN - gRPC connection is ready
2025-08-18 19:47:29.218 - INFO - MAIN - gRPC connection is idle
2025-08-18 19:47:39.219 - INFO - MAIN - gRPC connection is idle
2025-08-18 19:47:49.221 - INFO - MAIN - gRPC connection is idle
2025-08-18 19:47:59.222 - INFO - MAIN - gRPC connection is idle
2025-08-18 19:48:09.223 - INFO - MAIN - gRPC connection is idle
2025-08-18 19:48:19.224 - INFO - MAIN - gRPC connection is idle
2025-08-18 19:48:29.226 - INFO - MAIN - gRPC connection is idle
2025-08-18 19:48:39.227 - INFO - MAIN - gRPC connection is idle
2025-08-18 19:48:49.228 - INFO - MAIN - gRPC connection is idle
2025-08-18 19:48:59.229 - INFO - MAIN - gRPC connection is idle
2025-08-18 19:49:09.231 - INFO - MAIN - gRPC connection is idle
2025-08-18 19:49:19.232 - INFO - MAIN - gRPC connection is idle
2025-08-18 19:49:29.233 - INFO - MAIN - gRPC connection is idle
2025-08-18 19:49:39.234 - INFO - MAIN - gRPC connection is idle
2025-08-18 19:49:49.235 - INFO - MAIN - gRPC connection is idle
2025-08-18 19:49:59.237 - INFO - MAIN - gRPC connection is idle
2025-08-18 19:50:09.238 - INFO - MAIN - gRPC connection is idle
2025-08-18 19:50:19.240 - INFO - MAIN - gRPC connection is idle
2025-08-18 19:50:29.241 - INFO - MAIN - gRPC connection is idle
2025-08-18 19:50:39.243 - INFO - MAIN - gRPC connection is idle
2025-08-18 19:50:49.244 - INFO - MAIN - gRPC connection is idle
2025-08-18 19:50:59.245 - INFO - MAIN - gRPC connection is idle
2025-08-18 19:51:09.246 - INFO - MAIN - gRPC connection is idle
2025-08-18 19:51:19.248 - INFO - MAIN - gRPC connection is idle
2025-08-18 19:51:29.249 - INFO - MAIN - gRPC connection is idle
2025-08-18 19:51:39.251 - INFO - MAIN - gRPC connection is idle
2025-08-18 19:51:49.252 - INFO - MAIN - gRPC connection is idle
2025-08-18 19:51:59.253 - INFO - MAIN - gRPC connection is idle
2025-08-18 19:52:09.254 - INFO - MAIN - gRPC connection is idle
2025-08-18 19:52:19.255 - INFO - MAIN - gRPC connection is idle
2025-08-18 19:52:29.256 - INFO - MAIN - gRPC connection is idle
2025-08-18 19:52:39.258 - INFO - MAIN - gRPC connection is idle
2025-08-18 19:52:49.258 - INFO - MAIN - gRPC connection is idle
2025-08-18 19:52:59.260 - INFO - MAIN - gRPC connection is idle
2025-08-18 19:53:09.261 - INFO - MAIN - gRPC connection is idle
2025-08-18 19:53:19.263 - INFO - MAIN - gRPC connection is idle
2025-08-18 19:53:29.265 - INFO - MAIN - gRPC connection is idle
2025-08-18 19:53:39.267 - INFO - MAIN - gRPC connection is idle
2025-08-18 19:53:49.269 - INFO - MAIN - gRPC connection is idle
2025-08-18 19:53:59.270 - INFO - MAIN - gRPC connection is idle
2025-08-18 19:54:09.272 - INFO - MAIN - gRPC connection is idle
2025-08-18 19:54:19.273 - INFO - MAIN - gRPC connection is idle
2025-08-18 19:54:29.274 - INFO - MAIN - gRPC connection is idle
2025-08-18 19:54:39.275 - INFO - MAIN - gRPC connection is idle
2025-08-18 19:54:49.277 - INFO - MAIN - gRPC connection is idle
2025-08-18 19:54:59.277 - INFO - MAIN - gRPC connection is idle
2025-08-18 19:55:09.278 - INFO - MAIN - gRPC connection is idle
2025-08-18 19:55:19.280 - INFO - MAIN - gRPC connection is idle
2025-08-18 19:55:29.281 - INFO - MAIN - gRPC connection is idle
2025-08-18 19:55:39.283 - INFO - MAIN - gRPC connection is idle
2025-08-18 19:55:49.283 - INFO - MAIN - gRPC connection is idle
2025-08-18 19:55:59.284 - INFO - MAIN - gRPC connection is idle
2025-08-18 19:56:09.285 - INFO - MAIN - gRPC connection is idle
2025-08-18 19:56:19.286 - INFO - MAIN - gRPC connection is idle
2025-08-18 19:56:29.286 - INFO - MAIN - gRPC connection is idle
2025-08-18 19:56:39.287 - INFO - MAIN - gRPC connection is idle
2025-08-18 19:56:49.289 - INFO - MAIN - gRPC connection is idle
2025-08-18 19:56:59.290 - INFO - MAIN - gRPC connection is idle
2025-08-18 19:57:09.291 - INFO - MAIN - gRPC connection is idle
2025-08-18 19:57:19.292 - INFO - MAIN - gRPC connection is idle
2025-08-18 19:57:29.294 - INFO - MAIN - gRPC connection is idle
2025-08-18 19:57:39.295 - INFO - MAIN - gRPC connection is idle
2025-08-18 19:57:49.296 - INFO - MAIN - gRPC connection is idle
2025-08-18 19:57:59.298 - INFO - MAIN - gRPC connection is idle
2025-08-18 19:58:09.299 - INFO - MAIN - gRPC connection is idle
2025-08-18 19:58:19.299 - INFO - MAIN - gRPC connection is idle
2025-08-18 19:58:29.300 - INFO - MAIN - gRPC connection is idle
2025-08-18 19:58:39.301 - INFO - MAIN - gRPC connection is idle
2025-08-18 19:58:49.302 - INFO - MAIN - gRPC connection is idle
2025-08-18 19:58:59.303 - INFO - MAIN - gRPC connection is idle
2025-08-18 19:59:09.304 - INFO - MAIN - gRPC connection is idle
2025-08-18 19:59:19.306 - INFO - MAIN - gRPC connection is idle
2025-08-18 19:59:29.308 - INFO - MAIN - gRPC connection is idle
2025-08-18 19:59:39.310 - INFO - MAIN - gRPC connection is idle
2025-08-18 19:59:49.311 - INFO - MAIN - gRPC connection is idle
2025-08-18 19:59:59.313 - INFO - MAIN - gRPC connection is idle
2025-08-18 20:00:09.314 - INFO - MAIN - gRPC connection is idle
2025-08-18 20:00:19.316 - INFO - MAIN - gRPC connection is idle
2025-08-18 20:00:29.317 - INFO - MAIN - gRPC connection is idle
2025-08-18 20:00:39.318 - INFO - MAIN - gRPC connection is idle
2025-08-18 20:00:49.319 - INFO - MAIN - gRPC connection is idle
2025-08-18 20:00:59.320 - INFO - MAIN - gRPC connection is idle
2025-08-18 20:01:09.322 - INFO - MAIN - gRPC connection is idle
2025-08-18 20:01:19.324 - INFO - MAIN - gRPC connection is idle
2025-08-18 20:01:29.326 - INFO - MAIN - gRPC connection is idle
2025-08-18 20:01:39.328 - INFO - MAIN - gRPC connection is idle
2025-08-18 20:01:49.329 - INFO - MAIN - gRPC connection is idle
2025-08-18 20:01:59.330 - INFO - MAIN - gRPC connection is idle
2025-08-18 20:02:09.331 - INFO - MAIN - gRPC connection is idle
2025-08-18 20:02:19.332 - INFO - MAIN - gRPC connection is idle
2025-08-18 20:02:29.333 - INFO - MAIN - gRPC connection is idle
2025-08-18 20:02:39.335 - INFO - MAIN - gRPC connection is idle
2025-08-18 20:02:49.336 - INFO - MAIN - gRPC connection is idle
2025-08-18 20:02:59.337 - INFO - MAIN - gRPC connection is idle
2025-08-18 20:03:09.339 - INFO - MAIN - gRPC connection is idle
2025-08-18 20:03:19.340 - INFO - MAIN - gRPC connection is idle
2025-08-18 20:03:29.341 - INFO - MAIN - gRPC connection is idle
2025-08-18 20:03:39.345 - INFO - MAIN - gRPC connection is idle
2025-08-18 20:03:49.346 - INFO - MAIN - gRPC connection is idle
2025-08-18 20:03:59.347 - INFO - MAIN - gRPC connection is idle
2025-08-18 20:04:09.348 - INFO - MAIN - gRPC connection is idle
2025-08-18 20:04:19.350 - INFO - MAIN - gRPC connection is idle
2025-08-18 20:04:29.351 - INFO - MAIN - gRPC connection is idle
2025-08-18 20:04:39.352 - INFO - MAIN - gRPC connection is idle
2025-08-18 20:04:49.352 - INFO - MAIN - gRPC connection is idle
2025-08-18 20:04:59.353 - INFO - MAIN - gRPC connection is idle
2025-08-18 20:05:09.354 - INFO - MAIN - gRPC connection is idle
2025-08-18 20:05:19.354 - INFO - MAIN - gRPC connection is idle
2025-08-18 20:05:29.355 - INFO - MAIN - gRPC connection is idle
2025-08-18 20:05:39.356 - INFO - MAIN - gRPC connection is idle
2025-08-18 20:05:49.357 - INFO - MAIN - gRPC connection is idle
2025-08-18 20:05:59.359 - INFO - MAIN - gRPC connection is idle
2025-08-18 20:06:09.360 - INFO - MAIN - gRPC connection is idle
2025-08-18 20:06:19.362 - INFO - MAIN - gRPC connection is idle
2025-08-18 20:06:29.363 - INFO - MAIN - gRPC connection is idle
2025-08-18 20:06:39.364 - INFO - MAIN - gRPC connection is idle
2025-08-18 20:06:49.365 - INFO - MAIN - gRPC connection is idle
2025-08-18 20:06:59.366 - INFO - MAIN - gRPC connection is idle
2025-08-18 20:07:09.367 - INFO - MAIN - gRPC connection is idle
2025-08-18 20:07:19.368 - INFO - MAIN - gRPC connection is idle
2025-08-18 20:07:29.369 - INFO - MAIN - gRPC connection is idle
2025-08-18 20:07:39.370 - INFO - MAIN - gRPC connection is idle
2025-08-18 20:07:49.371 - INFO - MAIN - gRPC connection is idle
2025-08-18 20:07:59.372 - INFO - MAIN - gRPC connection is idle
2025-08-18 20:08:09.373 - INFO - MAIN - gRPC connection is idle
2025-08-18 20:08:19.375 - INFO - MAIN - gRPC connection is idle
2025-08-18 20:08:29.376 - INFO - MAIN - gRPC connection is idle
2025-08-18 20:08:39.377 - INFO - MAIN - gRPC connection is idle
2025-08-18 20:08:49.379 - INFO - MAIN - gRPC connection is idle
2025-08-18 20:08:59.380 - INFO - MAIN - gRPC connection is idle
2025-08-18 20:09:09.382 - INFO - MAIN - gRPC connection is idle
2025-08-18 20:09:19.383 - INFO - MAIN - gRPC connection is idle
2025-08-18 20:09:29.384 - INFO - MAIN - gRPC connection is idle
2025-08-18 20:09:39.386 - INFO - MAIN - gRPC connection is idle
2025-08-18 20:09:49.387 - INFO - MAIN - gRPC connection is idle
2025-08-18 20:09:59.390 - INFO - MAIN - gRPC connection is idle
2025-08-18 20:10:09.392 - INFO - MAIN - gRPC connection is idle
2025-08-18 20:10:19.393 - INFO - MAIN - gRPC connection is idle
2025-08-18 20:10:29.395 - INFO - MAIN - gRPC connection is idle
2025-08-18 20:10:39.397 - INFO - MAIN - gRPC connection is idle
2025-08-18 20:10:49.397 - INFO - MAIN - gRPC connection is idle
2025-08-18 20:10:59.399 - INFO - MAIN - gRPC connection is idle
2025-08-18 20:11:09.400 - INFO - MAIN - gRPC connection is idle
2025-08-18 20:11:19.401 - INFO - MAIN - gRPC connection is idle
2025-08-18 20:11:29.401 - INFO - MAIN - gRPC connection is idle
2025-08-18 20:11:39.404 - INFO - MAIN - gRPC connection is idle
2025-08-18 20:11:49.406 - INFO - MAIN - gRPC connection is idle
2025-08-18 20:11:59.407 - INFO - MAIN - gRPC connection is idle
2025-08-18 20:12:09.408 - INFO - MAIN - gRPC connection is idle
2025-08-18 20:12:19.409 - INFO - MAIN - gRPC connection is idle
2025-08-18 20:12:29.410 - INFO - MAIN - gRPC connection is idle
2025-08-18 20:12:39.411 - INFO - MAIN - gRPC connection is idle
2025-08-18 20:12:49.412 - INFO - MAIN - gRPC connection is idle
2025-08-18 20:12:59.413 - INFO - MAIN - gRPC connection is idle
2025-08-18 20:13:09.414 - INFO - MAIN - gRPC connection is idle
2025-08-18 20:13:19.415 - INFO - MAIN - gRPC connection is idle
2025-08-18 20:13:29.416 - INFO - MAIN - gRPC connection is idle
2025-08-18 20:13:39.419 - INFO - MAIN - gRPC connection is idle
2025-08-18 20:13:49.420 - INFO - MAIN - gRPC connection is idle
2025-08-18 20:13:59.422 - INFO - MAIN - gRPC connection is idle
2025-08-18 20:14:09.424 - INFO - MAIN - gRPC connection is idle
2025-08-18 20:14:19.426 - INFO - MAIN - gRPC connection is idle
2025-08-18 20:14:29.428 - INFO - MAIN - gRPC connection is idle
2025-08-18 20:14:39.429 - INFO - MAIN - gRPC connection is idle
2025-08-18 20:14:49.430 - INFO - MAIN - gRPC connection is idle
2025-08-18 20:14:59.433 - INFO - MAIN - gRPC connection is idle
2025-08-18 20:15:09.434 - INFO - MAIN - gRPC connection is idle
2025-08-18 20:15:19.436 - INFO - MAIN - gRPC connection is idle
2025-08-18 20:15:29.437 - INFO - MAIN - gRPC connection is idle
2025-08-18 20:15:39.439 - INFO - MAIN - gRPC connection is idle
2025-08-18 20:15:49.442 - INFO - MAIN - gRPC connection is idle
2025-08-18 20:15:59.443 - INFO - MAIN - gRPC connection is idle
2025-08-18 20:16:09.443 - INFO - MAIN - gRPC connection is idle
2025-08-18 20:16:19.444 - INFO - MAIN - gRPC connection is idle
2025-08-18 20:16:29.445 - INFO - MAIN - gRPC connection is idle
2025-08-18 20:16:39.447 - INFO - MAIN - gRPC connection is idle
2025-08-18 20:16:49.448 - INFO - MAIN - gRPC connection is idle
2025-08-18 20:16:59.449 - INFO - MAIN - gRPC connection is idle
2025-08-18 20:17:09.451 - INFO - MAIN - gRPC connection is idle
2025-08-18 20:17:19.452 - INFO - MAIN - gRPC connection is idle
2025-08-18 20:17:29.453 - INFO - MAIN - gRPC connection is idle
2025-08-18 20:17:39.454 - INFO - MAIN - gRPC connection is idle
2025-08-18 20:17:49.456 - INFO - MAIN - gRPC connection is idle
2025-08-18 20:17:59.457 - INFO - MAIN - gRPC connection is idle
2025-08-18 20:18:09.458 - INFO - MAIN - gRPC connection is idle
2025-08-18 20:18:19.459 - INFO - MAIN - gRPC connection is idle
2025-08-18 20:18:29.461 - INFO - MAIN - gRPC connection is idle
2025-08-18 20:18:39.462 - INFO - MAIN - gRPC connection is idle
2025-08-18 20:18:49.463 - INFO - MAIN - gRPC connection is idle
2025-08-18 20:18:59.463 - INFO - MAIN - gRPC connection is idle
2025-08-18 20:19:09.464 - INFO - MAIN - gRPC connection is idle
2025-08-18 20:19:19.466 - INFO - MAIN - gRPC connection is idle
2025-08-18 20:19:29.467 - INFO - MAIN - gRPC connection is idle
2025-08-18 20:19:39.468 - INFO - MAIN - gRPC connection is idle
2025-08-18 20:19:49.470 - INFO - MAIN - gRPC connection is idle
2025-08-18 20:19:59.471 - INFO - MAIN - gRPC connection is idle
2025-08-18 20:20:09.473 - INFO - MAIN - gRPC connection is idle
2025-08-18 20:20:19.474 - INFO - MAIN - gRPC connection is idle
2025-08-18 20:20:29.475 - INFO - MAIN - gRPC connection is idle
2025-08-18 20:20:39.476 - INFO - MAIN - gRPC connection is idle
2025-08-18 20:20:49.476 - INFO - MAIN - gRPC connection is idle
2025-08-18 20:20:59.477 - INFO - MAIN - gRPC connection is idle
2025-08-18 20:21:09.479 - INFO - MAIN - gRPC connection is idle
2025-08-18 20:21:19.479 - INFO - MAIN - gRPC connection is idle
2025-08-18 20:21:29.480 - INFO - MAIN - gRPC connection is idle
2025-08-18 20:21:39.483 - INFO - MAIN - gRPC connection is idle
2025-08-18 20:21:49.485 - INFO - MAIN - gRPC connection is idle
2025-08-18 20:21:59.486 - INFO - MAIN - gRPC connection is idle
2025-08-18 20:22:09.487 - INFO - MAIN - gRPC connection is idle
2025-08-18 20:22:19.488 - INFO - MAIN - gRPC connection is idle
2025-08-18 20:22:29.489 - INFO - MAIN - gRPC connection is idle
2025-08-18 20:22:39.491 - INFO - MAIN - gRPC connection is idle
2025-08-18 20:22:49.492 - INFO - MAIN - gRPC connection is idle
2025-08-18 20:22:59.493 - INFO - MAIN - gRPC connection is idle
2025-08-18 20:23:09.494 - INFO - MAIN - gRPC connection is idle
2025-08-18 20:23:19.496 - INFO - MAIN - gRPC connection is idle
2025-08-18 20:23:29.497 - INFO - MAIN - gRPC connection is idle
2025-08-18 20:23:39.498 - INFO - MAIN - gRPC connection is idle
2025-08-18 20:23:49.500 - INFO - MAIN - gRPC connection is idle
2025-08-18 20:23:59.501 - INFO - MAIN - gRPC connection is idle
2025-08-18 20:24:09.502 - INFO - MAIN - gRPC connection is idle
2025-08-18 20:24:19.504 - INFO - MAIN - gRPC connection is idle
2025-08-18 20:24:29.505 - INFO - MAIN - gRPC connection is idle
2025-08-18 20:24:39.505 - INFO - MAIN - gRPC connection is idle
2025-08-18 20:24:49.507 - INFO - MAIN - gRPC connection is idle
2025-08-18 20:24:59.508 - INFO - MAIN - gRPC connection is idle
2025-08-18 20:25:09.509 - INFO - MAIN - gRPC connection is idle
2025-08-18 20:25:19.510 - INFO - MAIN - gRPC connection is idle
2025-08-18 20:25:29.511 - INFO - MAIN - gRPC connection is idle
2025-08-18 20:25:39.513 - INFO - MAIN - gRPC connection is idle
2025-08-18 20:25:49.516 - INFO - MAIN - gRPC connection is idle
2025-08-18 20:25:59.517 - INFO - MAIN - gRPC connection is idle
2025-08-18 20:26:09.519 - INFO - MAIN - gRPC connection is idle
2025-08-18 20:26:19.520 - INFO - MAIN - gRPC connection is idle
2025-08-18 20:26:29.521 - INFO - MAIN - gRPC connection is idle
2025-08-18 20:26:39.523 - INFO - MAIN - gRPC connection is idle
2025-08-18 20:26:49.523 - INFO - MAIN - gRPC connection is idle
2025-08-18 20:26:59.525 - INFO - MAIN - gRPC connection is idle
2025-08-18 20:27:09.526 - INFO - MAIN - gRPC connection is idle
2025-08-18 20:27:19.528 - INFO - MAIN - gRPC connection is idle
2025-08-18 20:27:29.529 - INFO - MAIN - gRPC connection is idle
2025-08-18 20:27:39.530 - INFO - MAIN - gRPC connection is idle
2025-08-18 20:27:49.531 - INFO - MAIN - gRPC connection is idle
2025-08-18 20:27:59.532 - INFO - MAIN - gRPC connection is idle
2025-08-18 20:28:09.533 - INFO - MAIN - gRPC connection is idle
2025-08-18 20:28:19.534 - INFO - MAIN - gRPC connection is idle
2025-08-18 20:28:29.535 - INFO - MAIN - gRPC connection is idle
2025-08-18 20:28:39.536 - INFO - MAIN - gRPC connection is idle
2025-08-18 20:28:49.537 - INFO - MAIN - gRPC connection is idle
2025-08-18 20:28:59.538 - INFO - MAIN - gRPC connection is idle
2025-08-18 20:29:09.539 - INFO - MAIN - gRPC connection is idle
2025-08-18 20:29:19.541 - INFO - MAIN - gRPC connection is idle
2025-08-18 20:29:29.542 - INFO - MAIN - gRPC connection is idle
2025-08-18 20:29:39.544 - INFO - MAIN - gRPC connection is idle
2025-08-18 20:29:49.546 - INFO - MAIN - gRPC connection is idle
2025-08-18 20:29:59.546 - INFO - MAIN - gRPC connection is idle
2025-08-18 20:30:09.547 - INFO - MAIN - gRPC connection is idle
2025-08-18 20:30:19.549 - INFO - MAIN - gRPC connection is idle
2025-08-18 20:30:29.550 - INFO - MAIN - gRPC connection is idle
2025-08-18 20:30:39.551 - INFO - MAIN - gRPC connection is idle
2025-08-18 20:30:49.552 - INFO - MAIN - gRPC connection is idle
2025-08-18 20:30:59.553 - INFO - MAIN - gRPC connection is idle
2025-08-18 20:31:09.554 - INFO - MAIN - gRPC connection is idle
2025-08-18 20:31:19.555 - INFO - MAIN - gRPC connection is idle
2025-08-18 20:31:29.557 - INFO - MAIN - gRPC connection is idle
2025-08-18 20:31:39.560 - INFO - MAIN - gRPC connection is idle
2025-08-18 20:31:49.561 - INFO - MAIN - gRPC connection is idle
2025-08-18 20:31:59.562 - INFO - MAIN - gRPC connection is idle
2025-08-18 20:32:09.563 - INFO - MAIN - gRPC connection is idle
2025-08-18 20:32:19.565 - INFO - MAIN - gRPC connection is idle
2025-08-18 20:32:29.566 - INFO - MAIN - gRPC connection is idle
2025-08-18 20:32:39.567 - INFO - MAIN - gRPC connection is idle
2025-08-18 20:32:49.569 - INFO - MAIN - gRPC connection is idle
2025-08-18 20:32:59.569 - INFO - MAIN - gRPC connection is idle
2025-08-18 20:33:09.571 - INFO - MAIN - gRPC connection is idle
2025-08-18 20:33:19.572 - INFO - MAIN - gRPC connection is idle
2025-08-18 20:33:29.574 - INFO - MAIN - gRPC connection is idle
2025-08-18 20:33:39.575 - INFO - MAIN - gRPC connection is idle
2025-08-18 20:33:49.576 - INFO - MAIN - gRPC connection is idle
2025-08-18 20:33:59.577 - INFO - MAIN - gRPC connection is idle
2025-08-18 20:34:09.578 - INFO - MAIN - gRPC connection is idle
2025-08-18 20:34:19.580 - INFO - MAIN - gRPC connection is idle
2025-08-18 20:34:29.581 - INFO - MAIN - gRPC connection is idle
2025-08-18 20:34:39.581 - INFO - MAIN - gRPC connection is idle
2025-08-18 20:34:49.583 - INFO - MAIN - gRPC connection is idle
2025-08-18 20:34:59.585 - INFO - MAIN - gRPC connection is idle
2025-08-18 20:35:09.587 - INFO - MAIN - gRPC connection is idle
2025-08-18 20:35:19.589 - INFO - MAIN - gRPC connection is idle
2025-08-18 20:35:29.590 - INFO - MAIN - gRPC connection is idle
2025-08-18 20:35:39.592 - INFO - MAIN - gRPC connection is idle
2025-08-18 20:35:49.593 - INFO - MAIN - gRPC connection is idle
2025-08-18 20:35:59.594 - INFO - MAIN - gRPC connection is idle
2025-08-18 20:36:09.597 - INFO - MAIN - gRPC connection is idle
2025-08-18 20:36:19.598 - INFO - MAIN - gRPC connection is idle
2025-08-18 20:36:29.600 - INFO - MAIN - gRPC connection is idle
2025-08-18 20:36:39.601 - INFO - MAIN - gRPC connection is idle
2025-08-18 20:36:49.602 - INFO - MAIN - gRPC connection is idle
2025-08-18 20:36:59.603 - INFO - MAIN - gRPC connection is idle
2025-08-18 20:37:09.604 - INFO - MAIN - gRPC connection is idle
2025-08-18 20:37:19.605 - INFO - MAIN - gRPC connection is idle
2025-08-18 20:37:29.606 - INFO - MAIN - gRPC connection is idle
2025-08-18 20:37:39.607 - INFO - MAIN - gRPC connection is idle
2025-08-18 20:37:49.609 - INFO - MAIN - gRPC connection is idle
2025-08-18 20:37:59.610 - INFO - MAIN - gRPC connection is idle
2025-08-18 20:38:09.611 - INFO - MAIN - gRPC connection is idle
2025-08-18 20:38:19.612 - INFO - MAIN - gRPC connection is idle
2025-08-18 20:38:29.613 - INFO - MAIN - gRPC connection is idle
2025-08-18 20:38:39.614 - INFO - MAIN - gRPC connection is idle
2025-08-18 20:38:49.616 - INFO - MAIN - gRPC connection is idle
2025-08-18 20:38:59.618 - INFO - MAIN - gRPC connection is idle
2025-08-18 20:39:09.619 - INFO - MAIN - gRPC connection is idle
2025-08-18 20:39:19.620 - INFO - MAIN - gRPC connection is idle
2025-08-18 20:39:29.621 - INFO - MAIN - gRPC connection is idle
2025-08-18 20:39:39.622 - INFO - MAIN - gRPC connection is idle
2025-08-18 20:39:49.623 - INFO - MAIN - gRPC connection is idle
2025-08-18 20:39:59.624 - INFO - MAIN - gRPC connection is idle
2025-08-18 20:40:09.625 - INFO - MAIN - gRPC connection is idle
2025-08-18 20:40:19.626 - INFO - MAIN - gRPC connection is idle
2025-08-18 20:40:29.627 - INFO - MAIN - gRPC connection is idle
2025-08-18 20:40:39.628 - INFO - MAIN - gRPC connection is idle
2025-08-18 20:40:49.629 - INFO - MAIN - gRPC connection is idle
2025-08-18 20:40:59.630 - INFO - MAIN - gRPC connection is idle
2025-08-18 20:41:09.631 - INFO - MAIN - gRPC connection is idle
2025-08-18 20:41:19.632 - INFO - MAIN - gRPC connection is idle
2025-08-18 20:41:29.633 - INFO - MAIN - gRPC connection is idle
2025-08-18 20:41:39.635 - INFO - MAIN - gRPC connection is idle
2025-08-18 20:41:49.636 - INFO - MAIN - gRPC connection is idle
2025-08-18 20:41:59.637 - INFO - MAIN - gRPC connection is idle
2025-08-18 20:42:09.638 - INFO - MAIN - gRPC connection is idle
2025-08-18 20:42:19.639 - INFO - MAIN - gRPC connection is idle
2025-08-18 20:42:29.640 - INFO - MAIN - gRPC connection is idle
2025-08-18 20:42:39.641 - INFO - MAIN - gRPC connection is idle
2025-08-18 20:42:49.642 - INFO - MAIN - gRPC connection is idle
2025-08-18 20:42:59.644 - INFO - MAIN - gRPC connection is idle
2025-08-18 20:43:09.645 - INFO - MAIN - gRPC connection is idle
2025-08-18 20:43:19.646 - INFO - MAIN - gRPC connection is idle
2025-08-18 20:43:29.648 - INFO - MAIN - gRPC connection is idle
2025-08-18 20:43:39.650 - INFO - MAIN - gRPC connection is idle
2025-08-18 20:43:49.651 - INFO - MAIN - gRPC connection is idle
2025-08-18 20:43:59.652 - INFO - MAIN - gRPC connection is idle
2025-08-18 20:44:09.652 - INFO - MAIN - gRPC connection is idle
2025-08-18 20:44:19.655 - INFO - MAIN - gRPC connection is idle
2025-08-18 20:44:29.656 - INFO - MAIN - gRPC connection is idle
2025-08-18 20:44:39.659 - INFO - MAIN - gRPC connection is idle
2025-08-18 20:44:49.660 - INFO - MAIN - gRPC connection is idle
2025-08-18 20:44:59.661 - INFO - MAIN - gRPC connection is idle
2025-08-18 20:45:09.663 - INFO - MAIN - gRPC connection is idle
2025-08-18 20:45:19.664 - INFO - MAIN - gRPC connection is idle
2025-08-18 20:45:29.665 - INFO - MAIN - gRPC connection is idle
2025-08-18 20:45:39.666 - INFO - MAIN - gRPC connection is idle
2025-08-18 20:45:49.668 - INFO - MAIN - gRPC connection is idle
2025-08-18 20:45:59.669 - INFO - MAIN - gRPC connection is idle
2025-08-18 20:46:09.670 - INFO - MAIN - gRPC connection is idle
2025-08-18 20:46:19.671 - INFO - MAIN - gRPC connection is idle
2025-08-18 20:46:29.672 - INFO - MAIN - gRPC connection is idle
2025-08-18 20:46:39.674 - INFO - MAIN - gRPC connection is idle
2025-08-18 20:46:49.675 - INFO - MAIN - gRPC connection is idle
2025-08-18 20:46:59.676 - INFO - MAIN - gRPC connection is idle
2025-08-18 20:47:09.677 - INFO - MAIN - gRPC connection is idle
2025-08-18 20:47:19.678 - INFO - MAIN - gRPC connection is idle
2025-08-18 20:47:29.679 - INFO - MAIN - gRPC connection is idle
2025-08-18 20:47:39.680 - INFO - MAIN - gRPC connection is idle
2025-08-18 20:47:49.682 - INFO - MAIN - gRPC connection is idle
2025-08-18 20:47:59.683 - INFO - MAIN - gRPC connection is idle
2025-08-18 20:48:09.685 - INFO - MAIN - gRPC connection is idle
2025-08-18 20:48:19.685 - INFO - MAIN - gRPC connection is idle
2025-08-18 20:48:29.686 - INFO - MAIN - gRPC connection is idle
2025-08-18 20:48:39.688 - INFO - MAIN - gRPC connection is idle
2025-08-18 20:48:49.689 - INFO - MAIN - gRPC connection is idle
2025-08-18 20:48:59.690 - INFO - MAIN - gRPC connection is idle
2025-08-18 20:49:09.692 - INFO - MAIN - gRPC connection is idle
2025-08-18 20:49:19.693 - INFO - MAIN - gRPC connection is idle
2025-08-18 20:49:29.694 - INFO - MAIN - gRPC connection is idle
2025-08-18 20:49:39.696 - INFO - MAIN - gRPC connection is idle
2025-08-18 20:49:49.697 - INFO - MAIN - gRPC connection is idle
2025-08-18 20:49:59.698 - INFO - MAIN - gRPC connection is idle
2025-08-18 20:50:09.699 - INFO - MAIN - gRPC connection is idle
2025-08-18 20:50:19.700 - INFO - MAIN - gRPC connection is idle
2025-08-18 20:50:29.701 - INFO - MAIN - gRPC connection is idle
2025-08-18 20:50:39.702 - INFO - MAIN - gRPC connection is idle
2025-08-18 20:50:49.703 - INFO - MAIN - gRPC connection is idle
2025-08-18 20:50:59.705 - INFO - MAIN - gRPC connection is idle
2025-08-18 20:51:09.707 - INFO - MAIN - gRPC connection is idle
2025-08-18 20:51:19.708 - INFO - MAIN - gRPC connection is idle
2025-08-18 20:51:29.709 - INFO - MAIN - gRPC connection is idle
2025-08-18 20:51:39.711 - INFO - MAIN - gRPC connection is idle
2025-08-18 20:51:49.711 - INFO - MAIN - gRPC connection is idle
2025-08-18 20:51:59.713 - INFO - MAIN - gRPC connection is idle
2025-08-18 20:52:09.713 - INFO - MAIN - gRPC connection is idle
2025-08-18 20:52:19.715 - INFO - MAIN - gRPC connection is idle
2025-08-18 20:52:29.716 - INFO - MAIN - gRPC connection is idle
2025-08-18 20:52:39.717 - INFO - MAIN - gRPC connection is idle
2025-08-18 20:52:49.718 - INFO - MAIN - gRPC connection is idle
2025-08-18 20:52:59.719 - INFO - MAIN - gRPC connection is idle
2025-08-18 20:53:09.720 - INFO - MAIN - gRPC connection is idle
2025-08-18 20:53:19.722 - INFO - MAIN - gRPC connection is idle
2025-08-18 20:53:29.723 - INFO - MAIN - gRPC connection is idle
2025-08-18 20:53:39.725 - INFO - MAIN - gRPC connection is idle
2025-08-18 20:53:49.726 - INFO - MAIN - gRPC connection is idle
2025-08-18 20:53:59.727 - INFO - MAIN - gRPC connection is idle
2025-08-18 20:54:09.729 - INFO - MAIN - gRPC connection is idle
2025-08-18 20:54:19.731 - INFO - MAIN - gRPC connection is idle
2025-08-18 20:54:29.732 - INFO - MAIN - gRPC connection is idle
2025-08-18 20:54:39.734 - INFO - MAIN - gRPC connection is idle
2025-08-18 20:54:49.735 - INFO - MAIN - gRPC connection is idle
2025-08-18 20:54:59.737 - INFO - MAIN - gRPC connection is idle
2025-08-18 20:55:09.738 - INFO - MAIN - gRPC connection is idle
2025-08-18 20:55:19.739 - INFO - MAIN - gRPC connection is idle
2025-08-18 20:55:29.740 - INFO - MAIN - gRPC connection is idle
2025-08-18 20:55:39.741 - INFO - MAIN - gRPC connection is idle
2025-08-18 20:55:49.743 - INFO - MAIN - gRPC connection is idle
2025-08-18 20:55:59.744 - INFO - MAIN - gRPC connection is idle
2025-08-18 20:56:09.745 - INFO - MAIN - gRPC connection is idle
2025-08-18 20:56:19.746 - INFO - MAIN - gRPC connection is idle
2025-08-18 20:56:29.747 - INFO - MAIN - gRPC connection is idle
2025-08-18 20:56:39.747 - INFO - MAIN - gRPC connection is idle
2025-08-18 20:56:49.749 - INFO - MAIN - gRPC connection is idle
2025-08-18 20:56:59.751 - INFO - MAIN - gRPC connection is idle
2025-08-18 20:57:09.752 - INFO - MAIN - gRPC connection is idle
2025-08-18 20:57:19.754 - INFO - MAIN - gRPC connection is idle
2025-08-18 20:57:29.755 - INFO - MAIN - gRPC connection is idle
2025-08-18 20:57:39.758 - INFO - MAIN - gRPC connection is idle
2025-08-18 20:57:49.759 - INFO - MAIN - gRPC connection is idle
2025-08-18 20:57:59.760 - INFO - MAIN - gRPC connection is idle
2025-08-18 20:58:09.761 - INFO - MAIN - gRPC connection is idle
2025-08-18 20:58:19.764 - INFO - MAIN - gRPC connection is idle
2025-08-18 20:58:29.765 - INFO - MAIN - gRPC connection is idle
2025-08-18 20:58:39.766 - INFO - MAIN - gRPC connection is idle
2025-08-18 20:58:49.768 - INFO - MAIN - gRPC connection is idle
2025-08-18 20:58:59.769 - INFO - MAIN - gRPC connection is idle
2025-08-18 20:59:09.770 - INFO - MAIN - gRPC connection is idle
2025-08-18 20:59:19.772 - INFO - MAIN - gRPC connection is idle
2025-08-18 20:59:29.774 - INFO - MAIN - gRPC connection is idle
2025-08-18 20:59:39.777 - INFO - MAIN - gRPC connection is idle
2025-08-18 20:59:49.778 - INFO - MAIN - gRPC connection is idle
2025-08-18 20:59:59.779 - INFO - MAIN - gRPC connection is idle
2025-08-18 21:00:09.781 - INFO - MAIN - gRPC connection is idle
2025-08-18 21:00:19.782 - INFO - MAIN - gRPC connection is idle
2025-08-18 21:00:29.783 - INFO - MAIN - gRPC connection is idle
2025-08-18 21:00:39.785 - INFO - MAIN - gRPC connection is idle
2025-08-18 21:00:49.786 - INFO - MAIN - gRPC connection is idle
2025-08-18 21:00:59.787 - INFO - MAIN - gRPC connection is idle
2025-08-18 21:01:09.788 - INFO - MAIN - gRPC connection is idle
2025-08-18 21:01:19.789 - INFO - MAIN - gRPC connection is idle
2025-08-18 21:01:29.790 - INFO - MAIN - gRPC connection is idle
2025-08-18 21:01:39.792 - INFO - MAIN - gRPC connection is idle
2025-08-18 21:01:49.792 - INFO - MAIN - gRPC connection is idle
2025-08-18 21:01:59.794 - INFO - MAIN - gRPC connection is idle
2025-08-18 21:02:09.796 - INFO - MAIN - gRPC connection is idle
2025-08-18 21:02:19.796 - INFO - MAIN - gRPC connection is idle
2025-08-18 21:02:29.798 - INFO - MAIN - gRPC connection is idle
2025-08-18 21:02:39.799 - INFO - MAIN - gRPC connection is idle
2025-08-18 21:02:49.800 - INFO - MAIN - gRPC connection is idle
2025-08-18 21:02:59.801 - INFO - MAIN - gRPC connection is idle
2025-08-18 21:03:09.801 - INFO - MAIN - gRPC connection is idle
2025-08-18 21:03:19.802 - INFO - MAIN - gRPC connection is idle
2025-08-18 21:03:29.803 - INFO - MAIN - gRPC connection is idle
2025-08-18 21:03:39.805 - INFO - MAIN - gRPC connection is idle
2025-08-18 21:03:49.806 - INFO - MAIN - gRPC connection is idle
2025-08-18 21:03:59.807 - INFO - MAIN - gRPC connection is idle
2025-08-18 21:04:09.809 - INFO - MAIN - gRPC connection is idle
2025-08-18 21:04:19.810 - INFO - MAIN - gRPC connection is idle
2025-08-18 21:04:29.811 - INFO - MAIN - gRPC connection is idle
2025-08-18 21:04:39.811 - INFO - MAIN - gRPC connection is idle
2025-08-18 21:04:49.812 - INFO - MAIN - gRPC connection is idle
2025-08-18 21:04:59.813 - INFO - MAIN - gRPC connection is idle
2025-08-18 21:05:09.814 - INFO - MAIN - gRPC connection is idle
2025-08-18 21:05:19.816 - INFO - MAIN - gRPC connection is idle
2025-08-18 21:05:29.818 - INFO - MAIN - gRPC connection is idle
2025-08-18 21:05:39.819 - INFO - MAIN - gRPC connection is idle
2025-08-18 21:05:49.820 - INFO - MAIN - gRPC connection is idle
2025-08-18 21:05:59.823 - INFO - MAIN - gRPC connection is idle
2025-08-18 21:06:09.824 - INFO - MAIN - gRPC connection is idle
2025-08-18 21:06:19.825 - INFO - MAIN - gRPC connection is idle
2025-08-18 21:06:29.827 - INFO - MAIN - gRPC connection is idle
2025-08-18 21:06:39.828 - INFO - MAIN - gRPC connection is idle
2025-08-18 21:06:49.829 - INFO - MAIN - gRPC connection is idle
2025-08-18 21:06:59.829 - INFO - MAIN - gRPC connection is idle
2025-08-18 21:07:09.830 - INFO - MAIN - gRPC connection is idle
2025-08-18 21:07:19.831 - INFO - MAIN - gRPC connection is idle
2025-08-18 21:07:29.832 - INFO - MAIN - gRPC connection is idle
2025-08-18 21:07:39.835 - INFO - MAIN - gRPC connection is idle
2025-08-18 21:07:49.836 - INFO - MAIN - gRPC connection is idle
2025-08-18 21:07:59.837 - INFO - MAIN - gRPC connection is idle
2025-08-18 21:08:09.838 - INFO - MAIN - gRPC connection is idle
2025-08-18 21:08:19.839 - INFO - MAIN - gRPC connection is idle
2025-08-18 21:08:29.840 - INFO - MAIN - gRPC connection is idle
2025-08-18 21:08:39.841 - INFO - MAIN - gRPC connection is idle
2025-08-18 21:08:49.841 - INFO - MAIN - gRPC connection is idle
2025-08-18 21:08:59.843 - INFO - MAIN - gRPC connection is idle
2025-08-18 21:09:09.844 - INFO - MAIN - gRPC connection is idle
2025-08-18 21:09:19.845 - INFO - MAIN - gRPC connection is idle
2025-08-18 21:09:29.846 - INFO - MAIN - gRPC connection is idle
2025-08-18 21:09:39.847 - INFO - MAIN - gRPC connection is idle
2025-08-18 21:09:49.849 - INFO - MAIN - gRPC connection is idle
2025-08-18 21:09:59.851 - INFO - MAIN - gRPC connection is idle
2025-08-18 21:10:09.852 - INFO - MAIN - gRPC connection is idle
2025-08-18 21:10:19.853 - INFO - MAIN - gRPC connection is idle
2025-08-18 21:10:29.855 - INFO - MAIN - gRPC connection is idle
2025-08-18 21:10:39.856 - INFO - MAIN - gRPC connection is idle
2025-08-18 21:10:49.857 - INFO - MAIN - gRPC connection is idle
2025-08-18 21:10:59.860 - INFO - MAIN - gRPC connection is idle
2025-08-18 21:11:09.861 - INFO - MAIN - gRPC connection is idle
2025-08-18 21:11:19.861 - INFO - MAIN - gRPC connection is idle
2025-08-18 21:11:29.862 - INFO - MAIN - gRPC connection is idle
2025-08-18 21:11:39.863 - INFO - MAIN - gRPC connection is idle
2025-08-18 21:11:49.865 - INFO - MAIN - gRPC connection is idle
2025-08-18 21:11:59.865 - INFO - MAIN - gRPC connection is idle
2025-08-18 21:12:09.867 - INFO - MAIN - gRPC connection is idle
2025-08-18 21:12:19.869 - INFO - MAIN - gRPC connection is idle
2025-08-18 21:12:29.869 - INFO - MAIN - gRPC connection is idle
2025-08-18 21:12:39.869 - INFO - MAIN - gRPC connection is idle
2025-08-18 21:12:49.870 - INFO - MAIN - gRPC connection is idle
2025-08-18 21:12:59.871 - INFO - MAIN - gRPC connection is idle
2025-08-18 21:13:09.873 - INFO - MAIN - gRPC connection is idle
2025-08-18 21:13:19.875 - INFO - MAIN - gRPC connection is idle
2025-08-18 21:13:29.875 - INFO - MAIN - gRPC connection is idle
2025-08-18 21:13:39.877 - INFO - MAIN - gRPC connection is idle
2025-08-18 21:13:49.877 - INFO - MAIN - gRPC connection is idle
2025-08-18 21:13:59.878 - INFO - MAIN - gRPC connection is idle
2025-08-18 21:14:09.879 - INFO - MAIN - gRPC connection is idle
2025-08-18 21:14:19.880 - INFO - MAIN - gRPC connection is idle
2025-08-18 21:14:29.882 - INFO - MAIN - gRPC connection is idle
2025-08-18 21:14:39.883 - INFO - MAIN - gRPC connection is idle
2025-08-18 21:14:49.884 - INFO - MAIN - gRPC connection is idle
2025-08-18 21:14:59.885 - INFO - MAIN - gRPC connection is idle
2025-08-18 21:15:09.887 - INFO - MAIN - gRPC connection is idle
2025-08-18 21:15:19.888 - INFO - MAIN - gRPC connection is idle
2025-08-18 21:15:29.889 - INFO - MAIN - gRPC connection is idle
2025-08-18 21:15:39.891 - INFO - MAIN - gRPC connection is idle
2025-08-18 21:15:49.893 - INFO - MAIN - gRPC connection is idle
2025-08-18 21:15:59.894 - INFO - MAIN - gRPC connection is idle
2025-08-18 21:16:09.895 - INFO - MAIN - gRPC connection is idle
2025-08-18 21:16:19.896 - INFO - MAIN - gRPC connection is idle
2025-08-18 21:16:29.898 - INFO - MAIN - gRPC connection is idle
2025-08-18 21:16:39.899 - INFO - MAIN - gRPC connection is idle
2025-08-18 21:16:49.900 - INFO - MAIN - gRPC connection is idle
2025-08-18 21:16:59.901 - INFO - MAIN - gRPC connection is idle
2025-08-18 21:17:09.901 - INFO - MAIN - gRPC connection is idle
2025-08-18 21:17:19.902 - INFO - MAIN - gRPC connection is idle
2025-08-18 21:17:29.903 - INFO - MAIN - gRPC connection is idle
2025-08-18 21:17:39.905 - INFO - MAIN - gRPC connection is idle
2025-08-18 21:17:49.906 - INFO - MAIN - gRPC connection is idle
2025-08-18 21:17:59.907 - INFO - MAIN - gRPC connection is idle
2025-08-18 21:18:09.907 - INFO - MAIN - gRPC connection is idle
2025-08-18 21:18:19.908 - INFO - MAIN - gRPC connection is idle
2025-08-18 21:18:29.909 - INFO - MAIN - gRPC connection is idle
2025-08-18 21:18:36.148 - INFO - MAIN - Receiving signal: interrupt
2025-08-18 21:18:36.150 - INFO - MAIN - Successfully stop Application.
2025-08-18 21:18:48.403 - INFO - MAIN - Application started
2025-08-18 21:18:48.409 - INFO - MAIN - Starting gRPC client for server at localhost:50051
2025-08-18 21:18:48.412 - INFO - MAIN - Server running at: :8001
2025-08-18 21:18:48.413 - INFO - MAIN - gRPC client connected successfully to localhost:50051
2025-08-18 21:18:48.413 - DEBUG - MAIN - gRPC connection is ready
2025-08-18 21:18:58.414 - DEBUG - MAIN - gRPC connection is ready
2025-08-18 21:19:08.415 - DEBUG - MAIN - gRPC connection is ready
2025-08-18 21:19:18.415 - DEBUG - MAIN - gRPC connection is ready
2025-08-18 21:19:28.416 - DEBUG - MAIN - gRPC connection is ready
2025-08-18 21:19:38.417 - DEBUG - MAIN - gRPC connection is ready
2025-08-18 21:19:48.418 - DEBUG - MAIN - gRPC connection is ready
2025-08-18 21:19:58.419 - DEBUG - MAIN - gRPC connection is ready
2025-08-18 21:20:08.420 - DEBUG - MAIN - gRPC connection is ready
2025-08-18 21:20:18.420 - DEBUG - MAIN - gRPC connection is ready
2025-08-18 21:20:28.422 - DEBUG - MAIN - gRPC connection is ready
2025-08-18 21:20:38.425 - DEBUG - MAIN - gRPC connection is ready
2025-08-18 21:20:48.425 - DEBUG - MAIN - gRPC connection is ready
2025-08-18 21:20:58.428 - DEBUG - MAIN - gRPC connection is ready
2025-08-18 21:21:08.429 - DEBUG - MAIN - gRPC connection is ready
2025-08-18 21:21:18.430 - DEBUG - MAIN - gRPC connection is ready
2025-08-18 21:21:28.431 - DEBUG - MAIN - gRPC connection is ready
2025-08-18 21:21:38.433 - DEBUG - MAIN - gRPC connection is ready
2025-08-18 21:21:48.434 - DEBUG - MAIN - gRPC connection is ready
2025-08-18 21:21:58.435 - DEBUG - MAIN - gRPC connection is ready
2025-08-18 21:22:08.436 - DEBUG - MAIN - gRPC connection is ready
2025-08-18 21:22:18.437 - DEBUG - MAIN - gRPC connection is ready
2025-08-18 21:22:28.438 - DEBUG - MAIN - gRPC connection is ready
2025-08-18 21:22:38.439 - DEBUG - MAIN - gRPC connection is ready
2025-08-18 21:22:48.440 - DEBUG - MAIN - gRPC connection is ready
2025-08-18 21:22:58.440 - DEBUG - MAIN - gRPC connection is ready
2025-08-18 21:23:08.441 - DEBUG - MAIN - gRPC connection is ready
2025-08-18 21:23:18.442 - DEBUG - MAIN - gRPC connection is ready
2025-08-18 21:23:28.443 - DEBUG - MAIN - gRPC connection is ready
2025-08-18 21:23:38.444 - DEBUG - MAIN - gRPC connection is ready
2025-08-18 21:23:48.444 - DEBUG - MAIN - gRPC connection is ready
2025-08-18 21:23:58.445 - DEBUG - MAIN - gRPC connection is ready
2025-08-18 21:24:08.446 - DEBUG - MAIN - gRPC connection is ready
2025-08-18 21:24:18.447 - DEBUG - MAIN - gRPC connection is ready
2025-08-18 21:24:28.448 - DEBUG - MAIN - gRPC connection is ready
2025-08-18 21:24:38.449 - DEBUG - MAIN - gRPC connection is ready
2025-08-18 21:24:48.450 - DEBUG - MAIN - gRPC connection is ready
2025-08-18 21:24:58.454 - DEBUG - MAIN - gRPC connection is ready
2025-08-18 21:25:08.455 - DEBUG - MAIN - gRPC connection is ready
2025-08-18 21:25:18.455 - DEBUG - MAIN - gRPC connection is ready
2025-08-18 21:25:28.456 - DEBUG - MAIN - gRPC connection is ready
2025-08-18 21:25:38.456 - DEBUG - MAIN - gRPC connection is ready
2025-08-18 21:25:48.457 - DEBUG - MAIN - gRPC connection is ready
2025-08-18 21:25:58.457 - DEBUG - MAIN - gRPC connection is ready
2025-08-18 21:26:08.460 - DEBUG - MAIN - gRPC connection is ready
2025-08-18 21:26:18.461 - DEBUG - MAIN - gRPC connection is ready
2025-08-18 21:26:28.461 - DEBUG - MAIN - gRPC connection is ready
2025-08-18 21:26:38.463 - DEBUG - MAIN - gRPC connection is ready
2025-08-18 21:26:48.463 - DEBUG - MAIN - gRPC connection is ready
2025-08-18 21:26:58.464 - DEBUG - MAIN - gRPC connection is ready
2025-08-18 21:27:08.465 - DEBUG - MAIN - gRPC connection is ready
2025-08-18 21:27:09.920 - INFO - MAIN - Receiving signal: interrupt
2025-08-18 21:27:09.920 - INFO - MAIN - Successfully stop Application.
2025-08-18 21:29:16.430 - INFO - MAIN - Application started
2025-08-18 21:29:16.436 - INFO - MAIN - Starting gRPC client for server at localhost:50051
2025-08-18 21:29:16.436 - INFO - MAIN - Server running at: :8001
2025-08-18 21:29:16.438 - INFO - MAIN - gRPC client connected successfully to localhost:50051
2025-08-18 21:29:16.438 - DEBUG - MAIN - gRPC connection is ready
2025-08-18 21:29:26.438 - DEBUG - MAIN - gRPC connection is ready
2025-08-18 21:29:36.439 - DEBUG - MAIN - gRPC connection is ready
2025-08-18 21:29:39.758 - INFO - MAIN - Receiving signal: interrupt
2025-08-18 21:29:39.759 - INFO - MAIN - Successfully stop Application.
2025-08-18 21:29:44.032 - INFO - MAIN - Application started
2025-08-18 21:29:44.038 - INFO - MAIN - Starting gRPC client for server at localhost:50051
2025-08-18 21:29:44.039 - INFO - MAIN - Server running at: :8001
2025-08-18 21:29:44.040 - INFO - MAIN - gRPC client connected successfully to localhost:50051
2025-08-18 21:29:44.040 - DEBUG - MAIN - gRPC connection is ready
2025-08-18 21:29:54.041 - DEBUG - MAIN - gRPC connection is ready
2025-08-18 21:30:04.041 - DEBUG - MAIN - gRPC connection is ready
2025-08-18 21:30:14.042 - DEBUG - MAIN - gRPC connection is ready
2025-08-18 21:30:24.043 - DEBUG - MAIN - gRPC connection is ready
2025-08-18 21:30:34.043 - DEBUG - MAIN - gRPC connection is ready
2025-08-18 21:30:44.045 - DEBUG - MAIN - gRPC connection is ready
2025-08-18 21:30:54.046 - DEBUG - MAIN - gRPC connection is ready
2025-08-18 21:31:03.684 - INFO - MAIN - Receiving signal: interrupt
2025-08-18 21:31:03.684 - INFO - MAIN - Successfully stop Application.
2025-08-18 21:31:10.991 - INFO - MAIN - Application started
2025-08-18 21:31:10.995 - INFO - MAIN - Starting gRPC client for server at localhost:50051
2025-08-18 21:31:10.996 - INFO - MAIN - Server running at: :8001
2025-08-18 21:31:10.997 - INFO - MAIN - gRPC client connected successfully to localhost:50051
2025-08-18 21:31:10.998 - DEBUG - MAIN - gRPC connection is ready
2025-08-18 21:31:20.998 - DEBUG - MAIN - gRPC connection is ready
2025-08-18 21:31:30.999 - DEBUG - MAIN - gRPC connection is ready
2025-08-18 21:31:40.999 - DEBUG - MAIN - gRPC connection is ready
2025-08-18 21:31:51.000 - DEBUG - MAIN - gRPC connection is ready
2025-08-18 21:32:01.001 - DEBUG - MAIN - gRPC connection is ready
2025-08-18 21:32:11.002 - DEBUG - MAIN - gRPC connection is ready
2025-08-18 21:32:21.002 - DEBUG - MAIN - gRPC connection is ready
2025-08-18 21:32:31.003 - DEBUG - MAIN - gRPC connection is ready
2025-08-18 21:32:41.003 - DEBUG - MAIN - gRPC connection is ready
2025-08-18 21:32:51.004 - DEBUG - MAIN - gRPC connection is ready
2025-08-18 21:33:01.005 - DEBUG - MAIN - gRPC connection is ready
2025-08-18 21:33:11.006 - DEBUG - MAIN - gRPC connection is ready
2025-08-18 21:33:21.007 - DEBUG - MAIN - gRPC connection is ready
2025-08-18 21:33:31.007 - DEBUG - MAIN - gRPC connection is ready
2025-08-18 21:33:41.008 - DEBUG - MAIN - gRPC connection is ready
2025-08-18 21:33:51.009 - DEBUG - MAIN - gRPC connection is ready
2025-08-18 21:34:01.010 - DEBUG - MAIN - gRPC connection is ready
2025-08-18 21:34:11.010 - DEBUG - MAIN - gRPC connection is ready
2025-08-18 21:34:21.011 - DEBUG - MAIN - gRPC connection is ready
2025-08-18 21:34:31.012 - DEBUG - MAIN - gRPC connection is ready
2025-08-18 21:34:41.013 - DEBUG - MAIN - gRPC connection is ready
2025-08-18 21:34:51.021 - DEBUG - MAIN - gRPC connection is ready
2025-08-18 21:35:01.021 - DEBUG - MAIN - gRPC connection is ready
2025-08-18 21:35:11.022 - DEBUG - MAIN - gRPC connection is ready
2025-08-18 21:35:21.023 - DEBUG - MAIN - gRPC connection is ready
2025-08-18 21:35:31.024 - DEBUG - MAIN - gRPC connection is ready
2025-08-18 21:35:41.024 - DEBUG - MAIN - gRPC connection is ready
2025-08-18 21:35:44.094 - INFO - MAIN - Receiving signal: terminated
2025-08-18 21:35:44.099 - INFO - MAIN - Successfully stop Application.
